[2022-04-22T17:36:41.625Z] Validating found git in: git
[2022-04-22T17:36:41.694Z] Using git 2.32.0 from git
[2022-04-22T17:36:41.748Z] > git rev-parse --git-dir [16ms]
[2022-04-22T17:36:41.762Z] Open repository: /home/dendolium/repos/Conglomerate
[2022-04-22T17:36:41.835Z] > git symbolic-ref --short HEAD [11ms]
[2022-04-22T17:36:41.866Z] > git for-each-ref --format=%(refname)%00%(upstream:short)%00%(objectname)%00%(upstream:track) refs/heads/main refs/remotes/main [15ms]
[2022-04-22T17:36:41.902Z] > git remote --verbose [6ms]
[2022-04-22T17:36:41.903Z] > git for-each-ref --sort -committerdate --format %(refname) %(objectname) %(*objectname) [15ms]
[2022-04-22T17:36:41.924Z] > git config --get commit.template [2ms]
[2022-04-22T17:39:16.124Z] > git ls-files --stage -- /home/dendolium/repos/Conglomerate/src/App.js [139ms]
[2022-04-22T17:39:16.138Z] > git cat-file -s 531cdfae7d64ba2f177c43a34f0bbb65abd203af [3ms]
[2022-04-22T17:40:21.591Z] > git ls-files --stage -- /home/dendolium/repos/Conglomerate/src/Components/PredictionMarket/MakeABet/MakeABet.js [16ms]
[2022-04-22T17:41:28.680Z] > git symbolic-ref --short HEAD [2ms]
[2022-04-22T17:41:28.692Z] > git for-each-ref --format=%(refname)%00%(upstream:short)%00%(objectname)%00%(upstream:track) refs/heads/main refs/remotes/main [3ms]
[2022-04-22T17:41:28.716Z] > git for-each-ref --sort -committerdate --format %(refname) %(objectname) %(*objectname) [13ms]
[2022-04-22T17:41:28.719Z] > git remote --verbose [6ms]
[2022-04-22T17:41:28.755Z] > git config --get commit.template [4ms]
[2022-04-22T17:43:07.535Z] > git symbolic-ref --short HEAD [2ms]
[2022-04-22T17:43:07.552Z] > git for-each-ref --format=%(refname)%00%(upstream:short)%00%(objectname)%00%(upstream:track) refs/heads/main refs/remotes/main [7ms]
[2022-04-22T17:43:07.578Z] > git for-each-ref --sort -committerdate --format %(refname) %(objectname) %(*objectname) [15ms]
[2022-04-22T17:43:07.579Z] > git remote --verbose [4ms]
[2022-04-22T17:43:07.626Z] > git config --get commit.template [8ms]
[2022-04-22T17:43:18.546Z] > git symbolic-ref --short HEAD [13ms]
[2022-04-22T17:43:18.576Z] > git for-each-ref --format=%(refname)%00%(upstream:short)%00%(objectname)%00%(upstream:track) refs/heads/main refs/remotes/main [7ms]
[2022-04-22T17:43:18.604Z] > git for-each-ref --sort -committerdate --format %(refname) %(objectname) %(*objectname) [12ms]
[2022-04-22T17:43:18.605Z] > git remote --verbose [5ms]
[2022-04-22T17:43:18.630Z] > git config --get commit.template [2ms]
