[2022-04-22 23:06:37.692] [renderer1] [info] Ignoring configured affinity for 'pub.name' because the extension is unknown or cannot execute.
[2022-04-22 23:06:38.630] [renderer1] [error] ["Error: Unknown or unsupported transport “disabled” for address “disabled:”"]
[2022-04-22 23:06:38.631] [renderer1] [warning] Settings Sync: Accounts are not initialized
[2022-04-22 23:06:38.677] [renderer1] [info] Ignoring configured affinity for 'pub.name' because the extension is unknown or cannot execute.
[2022-04-22 23:06:41.290] [renderer1] [info] Ignoring configured affinity for 'pub.name' because the extension is unknown or cannot execute.
[2022-04-22 23:14:00.258] [renderer1] [info] Ignoring configured affinity for 'pub.name' because the extension is unknown or cannot execute.
[2022-04-22 23:14:01.528] [renderer1] [error] ["Error: Unknown or unsupported transport “disabled” for address “disabled:”"]
[2022-04-22 23:14:01.530] [renderer1] [warning] Settings Sync: Accounts are not initialized
[2022-04-22 23:14:01.783] [renderer1] [info] Ignoring configured affinity for 'pub.name' because the extension is unknown or cannot execute.
[2022-04-22 23:14:02.526] [renderer1] [info] Ignoring configured affinity for 'pub.name' because the extension is unknown or cannot execute.
[2022-04-22 23:14:13.456] [renderer1] [info] UNRESPONSIVE extension host: starting to profile NOW
[2022-04-22 23:14:17.595] [renderer1] [info] UNRESPONSIVE extension host: received responsive event and cancelling profiling session
[2022-04-22 23:14:19.935] [renderer1] [warning] UNRESPONSIVE extension host: 'JuanBlanco.solidity' took 95% of 4746.894ms, saved PROFILE here: 'file:///tmp/exthost-02cfe4.cpuprofile' [{"id":"gc","total":117302,"percentage":2},{"id":"JuanBlanco.solidity","total":4507694,"percentage":95},{"id":"self","total":52575,"percentage":1},{"id":"vscode.git","total":68925,"percentage":1}]
[2022-04-22 23:14:44.688] [renderer1] [info] UNRESPONSIVE extension host: starting to profile NOW
[2022-04-22 23:14:45.229] [renderer1] [info] UNRESPONSIVE extension host: received responsive event and cancelling profiling session
[2022-04-22 23:14:54.095] [renderer1] [info] UNRESPONSIVE extension host: received responsive event and cancelling profiling session
[2022-04-22 23:14:56.537] [renderer1] [info] UNRESPONSIVE extension host: starting to profile NOW
[2022-04-22 23:15:02.191] [renderer1] [info] UNRESPONSIVE extension host: starting to profile NOW
[2022-04-22 23:15:03.725] [renderer1] [info] UNRESPONSIVE extension host: received responsive event and cancelling profiling session
[2022-04-22 23:15:04.832] [renderer1] [warning] UNRESPONSIVE extension host: 'vscode.git' took 80% of 3911.393ms, saved PROFILE here: 'file:///tmp/exthost-a9bdc0.cpuprofile' [{"id":"gc","total":25856,"percentage":1},{"id":"JuanBlanco.solidity","total":53375,"percentage":1},{"id":"program","total":5970,"percentage":0},{"id":"self","total":223471,"percentage":6},{"id":"vscode.git","total":3115152,"percentage":80},{"id":"vscode.npm","total":16286,"percentage":0},{"id":"vscode.typescript-language-features","total":470977,"percentage":12}]
[2022-04-22 23:45:11.444] [renderer1] [error] Unable to read file '/home/dendolium/repos/Conglomerate/contracts/PredictionMarket.sol' (Error: File not modified since): Error: Unable to read file '/home/dendolium/repos/Conglomerate/contracts/PredictionMarket.sol' (Error: File not modified since)
    at p.doReadFileStream (vscode-file://vscode-app/usr/share/code/resources/app/out/vs/workbench/workbench.desktop.main.js:610:33789)
    at async doRead (vscode-file://vscode-app/usr/share/code/resources/app/out/vs/workbench/workbench.desktop.main.js:2666:110433)
    at async d.readStream (vscode-file://vscode-app/usr/share/code/resources/app/out/vs/workbench/workbench.desktop.main.js:2666:110108)
    at async ji.resolveFromFile (vscode-file://vscode-app/usr/share/code/resources/app/out/vs/workbench/workbench.desktop.main.js:2661:66651)
    at async vscode-file://vscode-app/usr/share/code/resources/app/out/vs/workbench/workbench.desktop.main.js:2666:104572
[2022-04-22 23:47:15.892] [renderer1] [error] Unable to read file '/home/dendolium/repos/Conglomerate/.gitignore' (Error: File not modified since): Error: Unable to read file '/home/dendolium/repos/Conglomerate/.gitignore' (Error: File not modified since)
    at p.doReadFileStream (vscode-file://vscode-app/usr/share/code/resources/app/out/vs/workbench/workbench.desktop.main.js:610:33789)
    at async doRead (vscode-file://vscode-app/usr/share/code/resources/app/out/vs/workbench/workbench.desktop.main.js:2666:110433)
    at async d.readStream (vscode-file://vscode-app/usr/share/code/resources/app/out/vs/workbench/workbench.desktop.main.js:2666:110108)
    at async ji.resolveFromFile (vscode-file://vscode-app/usr/share/code/resources/app/out/vs/workbench/workbench.desktop.main.js:2661:66651)
    at async vscode-file://vscode-app/usr/share/code/resources/app/out/vs/workbench/workbench.desktop.main.js:2666:104572
[2022-04-23 04:12:56.570] [renderer1] [error] [Extension Host] Notification handler 'textDocument/publishDiagnostics' failed with message: Illegal argument: character must be non-negative
[2022-04-23 04:12:58.273] [renderer1] [error] [Extension Host] Notification handler 'textDocument/publishDiagnostics' failed with message: Illegal argument: character must be non-negative
[2022-04-23 04:12:59.986] [renderer1] [error] [Extension Host] Notification handler 'textDocument/publishDiagnostics' failed with message: Illegal argument: character must be non-negative
[2022-04-23 04:13:02.184] [renderer1] [error] [Extension Host] Notification handler 'textDocument/publishDiagnostics' failed with message: Illegal argument: character must be non-negative
[2022-04-23 04:13:04.323] [renderer1] [error] [Extension Host] Notification handler 'textDocument/publishDiagnostics' failed with message: Illegal argument: character must be non-negative
[2022-04-23 18:35:36.675] [renderer1] [info] Setting search error: {"url":"https://bingsettingssearch.trafficmanager.net/api/Search","body":"{\"query\":\"(pre)%5E10%20%7C%7C%20pre~\",\"filters\":\"(packageid%20eq%20'96fa4707-6983-4489-b7c5-d5ffdfdcce90'%20and%20startbuildno%20le%20'%20%20%20%20%20%20%20%20%209%20%20%20%20%20%20%20%20%205%20%20%20%20%20%20%20%20%200'%20and%20endbuildno%20ge%20'%20%20%20%20%20%20%20%20%209%20%20%20%20%20%20%20%20%205%20%20%20%20%20%20%20%20%200')%20or%20(packageid%20eq%20'25baab03-fe9a-40c7-b683-55c9a0a92480'%20and%20startbuildno%20le%20'%20%20%20%20%20%20%20%20%200%20%20%20%20%20%20%20%20%200%20%20%20%20%20%20%20139'%20and%20endbuildno%20ge%20'%20%20%20%20%20%20%20%20%200%20%20%20%20%20%20%20%20%200%20%20%20%20%20%20%20139')%20or%20(packageid%20eq%20'core'%20and%20startbuildno%20le%20'1660000976180'%20and%20endbuildno%20ge%20'1660000976180')\",\"rawQuery\":\"pre\"}","hasMoreFilters":false} returned status code: 400
[2022-04-23 18:35:36.897] [renderer1] [info] Setting search error: {"url":"https://bingsettingssearch.trafficmanager.net/api/Search","body":"{\"query\":\"(pre)%5E10%20%7C%7C%20pre~\",\"filters\":\"diminish%20eq%20'latest'\",\"rawQuery\":\"pre\"}","hasMoreFilters":false} returned status code: 400
[2022-04-23 18:35:37.176] [renderer1] [info] Setting search error: {"url":"https://bingsettingssearch.trafficmanager.net/api/Search","body":"{\"query\":\"(pretti)%5E10%20%7C%7C%20pretti~\",\"filters\":\"(packageid%20eq%20'96fa4707-6983-4489-b7c5-d5ffdfdcce90'%20and%20startbuildno%20le%20'%20%20%20%20%20%20%20%20%209%20%20%20%20%20%20%20%20%205%20%20%20%20%20%20%20%20%200'%20and%20endbuildno%20ge%20'%20%20%20%20%20%20%20%20%209%20%20%20%20%20%20%20%20%205%20%20%20%20%20%20%20%20%200')%20or%20(packageid%20eq%20'25baab03-fe9a-40c7-b683-55c9a0a92480'%20and%20startbuildno%20le%20'%20%20%20%20%20%20%20%20%200%20%20%20%20%20%20%20%20%200%20%20%20%20%20%20%20139'%20and%20endbuildno%20ge%20'%20%20%20%20%20%20%20%20%200%20%20%20%20%20%20%20%20%200%20%20%20%20%20%20%20139')%20or%20(packageid%20eq%20'core'%20and%20startbuildno%20le%20'1660000976180'%20and%20endbuildno%20ge%20'1660000976180')\",\"rawQuery\":\"pretti\"}","hasMoreFilters":false} returned status code: 400
[2022-04-23 18:35:37.359] [renderer1] [info] Setting search error: {"url":"https://bingsettingssearch.trafficmanager.net/api/Search","body":"{\"query\":\"(pretti)%5E10%20%7C%7C%20pretti~\",\"filters\":\"diminish%20eq%20'latest'\",\"rawQuery\":\"pretti\"}","hasMoreFilters":false} returned status code: 400
[2022-04-23 18:35:43.544] [renderer1] [info] Setting search error: {"url":"https://bingsettingssearch.trafficmanager.net/api/Search","body":"{\"query\":\"(save%20on)%5E10%20%7C%7C%20save~%20on~\",\"filters\":\"diminish%20eq%20'latest'\",\"rawQuery\":\"save%20on\"}","hasMoreFilters":false} returned status code: 400
[2022-04-23 18:35:43.696] [renderer1] [info] Setting search error: {"url":"https://bingsettingssearch.trafficmanager.net/api/Search","body":"{\"query\":\"(save%20on)%5E10%20%7C%7C%20save~%20on~\",\"filters\":\"(packageid%20eq%20'96fa4707-6983-4489-b7c5-d5ffdfdcce90'%20and%20startbuildno%20le%20'%20%20%20%20%20%20%20%20%209%20%20%20%20%20%20%20%20%205%20%20%20%20%20%20%20%20%200'%20and%20endbuildno%20ge%20'%20%20%20%20%20%20%20%20%209%20%20%20%20%20%20%20%20%205%20%20%20%20%20%20%20%20%200')%20or%20(packageid%20eq%20'25baab03-fe9a-40c7-b683-55c9a0a92480'%20and%20startbuildno%20le%20'%20%20%20%20%20%20%20%20%200%20%20%20%20%20%20%20%20%200%20%20%20%20%20%20%20139'%20and%20endbuildno%20ge%20'%20%20%20%20%20%20%20%20%200%20%20%20%20%20%20%20%20%200%20%20%20%20%20%20%20139')%20or%20(packageid%20eq%20'core'%20and%20startbuildno%20le%20'1660000976180'%20and%20endbuildno%20ge%20'1660000976180')\",\"rawQuery\":\"save%20on\"}","hasMoreFilters":false} returned status code: 400
[2022-04-23 18:36:03.702] [renderer1] [info] Setting search error: {"url":"https://bingsettingssearch.trafficmanager.net/api/Search","body":"{\"query\":\"(save)%5E10%20%7C%7C%20save~\",\"filters\":\"diminish%20eq%20'latest'\",\"rawQuery\":\"save\"}","hasMoreFilters":false} returned status code: 400
[2022-04-23 18:36:03.865] [renderer1] [info] Setting search error: {"url":"https://bingsettingssearch.trafficmanager.net/api/Search","body":"{\"query\":\"(save)%5E10%20%7C%7C%20save~\",\"filters\":\"(packageid%20eq%20'96fa4707-6983-4489-b7c5-d5ffdfdcce90'%20and%20startbuildno%20le%20'%20%20%20%20%20%20%20%20%209%20%20%20%20%20%20%20%20%205%20%20%20%20%20%20%20%20%200'%20and%20endbuildno%20ge%20'%20%20%20%20%20%20%20%20%209%20%20%20%20%20%20%20%20%205%20%20%20%20%20%20%20%20%200')%20or%20(packageid%20eq%20'25baab03-fe9a-40c7-b683-55c9a0a92480'%20and%20startbuildno%20le%20'%20%20%20%20%20%20%20%20%200%20%20%20%20%20%20%20%20%200%20%20%20%20%20%20%20139'%20and%20endbuildno%20ge%20'%20%20%20%20%20%20%20%20%200%20%20%20%20%20%20%20%20%200%20%20%20%20%20%20%20139')%20or%20(packageid%20eq%20'core'%20and%20startbuildno%20le%20'1660000976180'%20and%20endbuildno%20ge%20'1660000976180')\",\"rawQuery\":\"save\"}","hasMoreFilters":false} returned status code: 400
[2022-04-23 18:36:04.991] [renderer1] [info] Setting search error: {"url":"https://bingsettingssearch.trafficmanager.net/api/Search","body":"{\"query\":\"(save%20on)%5E10%20%7C%7C%20save~%20on~\",\"filters\":\"(packageid%20eq%20'96fa4707-6983-4489-b7c5-d5ffdfdcce90'%20and%20startbuildno%20le%20'%20%20%20%20%20%20%20%20%209%20%20%20%20%20%20%20%20%205%20%20%20%20%20%20%20%20%200'%20and%20endbuildno%20ge%20'%20%20%20%20%20%20%20%20%209%20%20%20%20%20%20%20%20%205%20%20%20%20%20%20%20%20%200')%20or%20(packageid%20eq%20'25baab03-fe9a-40c7-b683-55c9a0a92480'%20and%20startbuildno%20le%20'%20%20%20%20%20%20%20%20%200%20%20%20%20%20%20%20%20%200%20%20%20%20%20%20%20139'%20and%20endbuildno%20ge%20'%20%20%20%20%20%20%20%20%200%20%20%20%20%20%20%20%20%200%20%20%20%20%20%20%20139')%20or%20(packageid%20eq%20'core'%20and%20startbuildno%20le%20'1660000976180'%20and%20endbuildno%20ge%20'1660000976180')\",\"rawQuery\":\"save%20on\"}","hasMoreFilters":false} returned status code: 400
[2022-04-23 18:36:05.155] [renderer1] [info] Setting search error: {"url":"https://bingsettingssearch.trafficmanager.net/api/Search","body":"{\"query\":\"(save%20on)%5E10%20%7C%7C%20save~%20on~\",\"filters\":\"diminish%20eq%20'latest'\",\"rawQuery\":\"save%20on\"}","hasMoreFilters":false} returned status code: 400
