[2022-04-22T17:44:03.067Z] Validating found git in: git
[2022-04-22T17:44:03.140Z] Using git 2.32.0 from git
[2022-04-22T17:44:03.215Z] > git rev-parse --git-dir [27ms]
[2022-04-22T17:44:03.223Z] Open repository: /home/dendolium/repos/Conglomerate
[2022-04-22T17:44:03.257Z] > git symbolic-ref --short HEAD [3ms]
[2022-04-22T17:44:03.267Z] > git for-each-ref --format=%(refname)%00%(upstream:short)%00%(objectname)%00%(upstream:track) refs/heads/main refs/remotes/main [3ms]
[2022-04-22T17:44:03.517Z] > git remote --verbose [225ms]
[2022-04-22T17:44:03.517Z] > git for-each-ref --sort -committerdate --format %(refname) %(objectname) %(*objectname) [241ms]
[2022-04-22T17:44:03.861Z] > git config --get commit.template [24ms]
[2022-04-22T17:44:48.981Z] > git symbolic-ref --short HEAD [3769ms]
[2022-04-22T17:45:03.288Z] > git for-each-ref --format=%(refname)%00%(upstream:short)%00%(objectname)%00%(upstream:track) refs/heads/main refs/remotes/main [9464ms]
[2022-04-22T17:45:03.575Z] > git ls-files --stage -- /home/dendolium/repos/Conglomerate/src/Components/PredictionMarket/MakeABet/MakeABet.js [15083ms]
[2022-04-22T17:45:04.399Z] > git remote --verbose [826ms]
[2022-04-22T17:45:04.400Z] > git for-each-ref --sort -committerdate --format %(refname) %(objectname) %(*objectname) [960ms]
[2022-04-22T17:45:07.898Z] > git config --get commit.template [31ms]
[2022-04-22T17:46:15.952Z] > git symbolic-ref --short HEAD [2ms]
[2022-04-22T17:46:16.008Z] > git for-each-ref --format=%(refname)%00%(upstream:short)%00%(objectname)%00%(upstream:track) refs/heads/main refs/remotes/main [4ms]
[2022-04-22T17:46:16.131Z] > git for-each-ref --sort -committerdate --format %(refname) %(objectname) %(*objectname) [73ms]
[2022-04-22T17:46:16.133Z] > git remote --verbose [12ms]
[2022-04-22T17:46:16.222Z] > git config --get commit.template [4ms]
[2022-04-22T17:46:21.298Z] > git symbolic-ref --short HEAD [2ms]
[2022-04-22T17:46:21.330Z] > git for-each-ref --format=%(refname)%00%(upstream:short)%00%(objectname)%00%(upstream:track) refs/heads/main refs/remotes/main [2ms]
[2022-04-22T17:46:21.391Z] > git for-each-ref --sort -committerdate --format %(refname) %(objectname) %(*objectname) [32ms]
[2022-04-22T17:46:21.392Z] > git remote --verbose [4ms]
[2022-04-22T17:46:21.456Z] > git config --get commit.template [7ms]
[2022-04-22T17:46:26.561Z] > git symbolic-ref --short HEAD [4ms]
[2022-04-22T17:46:26.609Z] > git for-each-ref --format=%(refname)%00%(upstream:short)%00%(objectname)%00%(upstream:track) refs/heads/main refs/remotes/main [4ms]
[2022-04-22T17:46:26.696Z] > git for-each-ref --sort -committerdate --format %(refname) %(objectname) %(*objectname) [47ms]
[2022-04-22T17:46:26.702Z] > git remote --verbose [9ms]
[2022-04-22T17:46:26.798Z] > git config --get commit.template [11ms]
[2022-04-22T17:46:50.492Z] > git symbolic-ref --short HEAD [2ms]
[2022-04-22T17:46:50.536Z] > git for-each-ref --format=%(refname)%00%(upstream:short)%00%(objectname)%00%(upstream:track) refs/heads/main refs/remotes/main [3ms]
[2022-04-22T17:46:50.659Z] > git for-each-ref --sort -committerdate --format %(refname) %(objectname) %(*objectname) [66ms]
[2022-04-22T17:46:50.665Z] > git remote --verbose [11ms]
[2022-04-22T17:46:50.731Z] > git config --get commit.template [5ms]
[2022-04-22T17:46:55.810Z] > git symbolic-ref --short HEAD [1ms]
[2022-04-22T17:46:55.857Z] > git for-each-ref --format=%(refname)%00%(upstream:short)%00%(objectname)%00%(upstream:track) refs/heads/main refs/remotes/main [4ms]
[2022-04-22T17:46:55.919Z] > git for-each-ref --sort -committerdate --format %(refname) %(objectname) %(*objectname) [33ms]
[2022-04-22T17:46:55.920Z] > git remote --verbose [4ms]
[2022-04-22T17:46:55.983Z] > git config --get commit.template [8ms]
[2022-04-22T17:47:07.404Z] > git symbolic-ref --short HEAD [3ms]
[2022-04-22T17:47:07.479Z] > git for-each-ref --format=%(refname)%00%(upstream:short)%00%(objectname)%00%(upstream:track) refs/heads/main refs/remotes/main [33ms]
[2022-04-22T17:47:07.608Z] > git for-each-ref --sort -committerdate --format %(refname) %(objectname) %(*objectname) [62ms]
[2022-04-22T17:47:07.610Z] > git remote --verbose [7ms]
[2022-04-22T17:47:07.673Z] > git config --get commit.template [7ms]
[2022-04-22T17:47:12.756Z] > git symbolic-ref --short HEAD [5ms]
[2022-04-22T17:47:12.876Z] > git for-each-ref --format=%(refname)%00%(upstream:short)%00%(objectname)%00%(upstream:track) refs/heads/main refs/remotes/main [33ms]
[2022-04-22T17:47:12.964Z] > git for-each-ref --sort -committerdate --format %(refname) %(objectname) %(*objectname) [32ms]
[2022-04-22T17:47:12.965Z] > git remote --verbose [4ms]
[2022-04-22T17:47:13.055Z] > git config --get commit.template [29ms]
[2022-04-22T17:47:18.139Z] > git symbolic-ref --short HEAD [3ms]
[2022-04-22T17:47:18.182Z] > git for-each-ref --format=%(refname)%00%(upstream:short)%00%(objectname)%00%(upstream:track) refs/heads/main refs/remotes/main [3ms]
[2022-04-22T17:47:18.248Z] > git for-each-ref --sort -committerdate --format %(refname) %(objectname) %(*objectname) [37ms]
[2022-04-22T17:47:18.249Z] > git remote --verbose [4ms]
[2022-04-22T17:47:18.299Z] > git config --get commit.template [5ms]
[2022-04-22T17:47:23.376Z] > git symbolic-ref --short HEAD [2ms]
[2022-04-22T17:47:23.408Z] > git for-each-ref --format=%(refname)%00%(upstream:short)%00%(objectname)%00%(upstream:track) refs/heads/main refs/remotes/main [2ms]
[2022-04-22T17:47:23.483Z] > git for-each-ref --sort -committerdate --format %(refname) %(objectname) %(*objectname) [44ms]
[2022-04-22T17:47:23.486Z] > git remote --verbose [8ms]
[2022-04-22T17:47:23.577Z] > git config --get commit.template [8ms]
[2022-04-22T17:47:28.651Z] > git symbolic-ref --short HEAD [3ms]
[2022-04-22T17:47:28.684Z] > git for-each-ref --format=%(refname)%00%(upstream:short)%00%(objectname)%00%(upstream:track) refs/heads/main refs/remotes/main [3ms]
[2022-04-22T17:47:28.746Z] > git for-each-ref --sort -committerdate --format %(refname) %(objectname) %(*objectname) [32ms]
[2022-04-22T17:47:28.747Z] > git remote --verbose [3ms]
[2022-04-22T17:47:28.801Z] > git config --get commit.template [4ms]
[2022-04-22T17:47:33.872Z] > git symbolic-ref --short HEAD [2ms]
[2022-04-22T17:47:33.907Z] > git for-each-ref --format=%(refname)%00%(upstream:short)%00%(objectname)%00%(upstream:track) refs/heads/main refs/remotes/main [2ms]
[2022-04-22T17:47:33.985Z] > git for-each-ref --sort -committerdate --format %(refname) %(objectname) %(*objectname) [43ms]
[2022-04-22T17:47:33.987Z] > git remote --verbose [4ms]
[2022-04-22T17:47:34.083Z] > git config --get commit.template [24ms]
[2022-04-22T17:47:39.192Z] > git symbolic-ref --short HEAD [4ms]
[2022-04-22T17:47:39.242Z] > git for-each-ref --format=%(refname)%00%(upstream:short)%00%(objectname)%00%(upstream:track) refs/heads/main refs/remotes/main [4ms]
[2022-04-22T17:47:39.358Z] > git for-each-ref --sort -committerdate --format %(refname) %(objectname) %(*objectname) [65ms]
[2022-04-22T17:47:39.359Z] > git remote --verbose [12ms]
[2022-04-22T17:47:40.012Z] > git config --get commit.template [587ms]
[2022-04-22T17:47:45.118Z] > git symbolic-ref --short HEAD [19ms]
[2022-04-22T17:47:45.151Z] > git for-each-ref --format=%(refname)%00%(upstream:short)%00%(objectname)%00%(upstream:track) refs/heads/main refs/remotes/main [2ms]
[2022-04-22T17:47:45.213Z] > git for-each-ref --sort -committerdate --format %(refname) %(objectname) %(*objectname) [32ms]
[2022-04-22T17:47:45.214Z] > git remote --verbose [3ms]
[2022-04-22T17:47:45.266Z] > git config --get commit.template [8ms]
[2022-04-22T17:47:50.341Z] > git symbolic-ref --short HEAD [2ms]
[2022-04-22T17:47:50.382Z] > git for-each-ref --format=%(refname)%00%(upstream:short)%00%(objectname)%00%(upstream:track) refs/heads/main refs/remotes/main [4ms]
[2022-04-22T17:47:50.447Z] > git for-each-ref --sort -committerdate --format %(refname) %(objectname) %(*objectname) [34ms]
[2022-04-22T17:47:50.447Z] > git remote --verbose [2ms]
[2022-04-22T17:47:50.500Z] > git config --get commit.template [9ms]
[2022-04-22T17:47:55.629Z] > git symbolic-ref --short HEAD [2ms]
[2022-04-22T17:47:55.679Z] > git for-each-ref --format=%(refname)%00%(upstream:short)%00%(objectname)%00%(upstream:track) refs/heads/main refs/remotes/main [5ms]
[2022-04-22T17:47:55.778Z] > git for-each-ref --sort -committerdate --format %(refname) %(objectname) %(*objectname) [54ms]
[2022-04-22T17:47:55.779Z] > git remote --verbose [9ms]
[2022-04-22T17:47:55.845Z] > git config --get commit.template [6ms]
[2022-04-22T17:48:01.030Z] > git symbolic-ref --short HEAD [5ms]
[2022-04-22T17:48:01.102Z] > git for-each-ref --format=%(refname)%00%(upstream:short)%00%(objectname)%00%(upstream:track) refs/heads/main refs/remotes/main [5ms]
[2022-04-22T17:48:01.230Z] > git for-each-ref --sort -committerdate --format %(refname) %(objectname) %(*objectname) [45ms]
[2022-04-22T17:48:01.232Z] > git remote --verbose [8ms]
[2022-04-22T17:48:01.326Z] > git config --get commit.template [20ms]
[2022-04-22T17:48:06.403Z] > git symbolic-ref --short HEAD [2ms]
[2022-04-22T17:48:06.435Z] > git for-each-ref --format=%(refname)%00%(upstream:short)%00%(objectname)%00%(upstream:track) refs/heads/main refs/remotes/main [2ms]
[2022-04-22T17:48:06.499Z] > git for-each-ref --sort -committerdate --format %(refname) %(objectname) %(*objectname) [34ms]
[2022-04-22T17:48:06.500Z] > git remote --verbose [2ms]
[2022-04-22T17:48:06.560Z] > git config --get commit.template [15ms]
[2022-04-22T17:48:19.064Z] > git symbolic-ref --short HEAD [2ms]
[2022-04-22T17:48:19.128Z] > git for-each-ref --format=%(refname)%00%(upstream:short)%00%(objectname)%00%(upstream:track) refs/heads/main refs/remotes/main [5ms]
[2022-04-22T17:48:19.271Z] > git for-each-ref --sort -committerdate --format %(refname) %(objectname) %(*objectname) [57ms]
[2022-04-22T17:48:19.272Z] > git remote --verbose [10ms]
[2022-04-22T17:48:19.326Z] > git config --get commit.template [3ms]
[2022-04-22T17:48:24.400Z] > git symbolic-ref --short HEAD [4ms]
[2022-04-22T17:48:24.443Z] > git for-each-ref --format=%(refname)%00%(upstream:short)%00%(objectname)%00%(upstream:track) refs/heads/main refs/remotes/main [2ms]
[2022-04-22T17:48:24.520Z] > git for-each-ref --sort -committerdate --format %(refname) %(objectname) %(*objectname) [35ms]
[2022-04-22T17:48:24.523Z] > git remote --verbose [7ms]
[2022-04-22T17:48:24.582Z] > git config --get commit.template [7ms]
[2022-04-22T17:48:29.667Z] > git symbolic-ref --short HEAD [3ms]
[2022-04-22T17:48:29.705Z] > git for-each-ref --format=%(refname)%00%(upstream:short)%00%(objectname)%00%(upstream:track) refs/heads/main refs/remotes/main [3ms]
[2022-04-22T17:48:29.812Z] > git for-each-ref --sort -committerdate --format %(refname) %(objectname) %(*objectname) [66ms]
[2022-04-22T17:48:29.813Z] > git remote --verbose [7ms]
[2022-04-22T17:48:29.890Z] > git config --get commit.template [9ms]
[2022-04-22T17:48:42.988Z] > git symbolic-ref --short HEAD [6ms]
[2022-04-22T17:48:43.058Z] > git for-each-ref --format=%(refname)%00%(upstream:short)%00%(objectname)%00%(upstream:track) refs/heads/main refs/remotes/main [4ms]
[2022-04-22T17:48:43.142Z] > git for-each-ref --sort -committerdate --format %(refname) %(objectname) %(*objectname) [44ms]
[2022-04-22T17:48:43.143Z] > git remote --verbose [4ms]
[2022-04-22T17:48:43.204Z] > git config --get commit.template [4ms]
[2022-04-22T17:48:44.900Z] > git ls-files --stage -- /home/dendolium/repos/Conglomerate/src/compiled-json/PredictionMarket.json [7ms]
[2022-04-22T17:48:48.380Z] > git ls-files --stage -- /home/dendolium/repos/Conglomerate/src/App.js [126ms]
[2022-04-22T17:48:48.464Z] > git symbolic-ref --short HEAD [84ms]
[2022-04-22T17:48:48.508Z] > git cat-file -s 531cdfae7d64ba2f177c43a34f0bbb65abd203af [50ms]
[2022-04-22T17:48:48.510Z] > git for-each-ref --format=%(refname)%00%(upstream:short)%00%(objectname)%00%(upstream:track) refs/heads/main refs/remotes/main [4ms]
[2022-04-22T17:48:48.645Z] > git remote --verbose [8ms]
[2022-04-22T17:48:48.646Z] > git for-each-ref --sort -committerdate --format %(refname) %(objectname) %(*objectname) [81ms]
[2022-04-22T17:48:48.738Z] > git config --get commit.template [10ms]
[2022-04-22T17:48:53.810Z] > git symbolic-ref --short HEAD [2ms]
[2022-04-22T17:48:53.843Z] > git for-each-ref --format=%(refname)%00%(upstream:short)%00%(objectname)%00%(upstream:track) refs/heads/main refs/remotes/main [3ms]
[2022-04-22T17:48:53.908Z] > git for-each-ref --sort -committerdate --format %(refname) %(objectname) %(*objectname) [33ms]
[2022-04-22T17:48:53.909Z] > git remote --verbose [3ms]
[2022-04-22T17:48:53.963Z] > git config --get commit.template [5ms]
[2022-04-22T17:48:59.041Z] > git symbolic-ref --short HEAD [2ms]
[2022-04-22T17:48:59.073Z] > git for-each-ref --format=%(refname)%00%(upstream:short)%00%(objectname)%00%(upstream:track) refs/heads/main refs/remotes/main [2ms]
[2022-04-22T17:48:59.138Z] > git for-each-ref --sort -committerdate --format %(refname) %(objectname) %(*objectname) [34ms]
[2022-04-22T17:48:59.138Z] > git remote --verbose [3ms]
[2022-04-22T17:48:59.194Z] > git config --get commit.template [5ms]
[2022-04-22T17:49:04.272Z] > git symbolic-ref --short HEAD [2ms]
[2022-04-22T17:49:04.305Z] > git for-each-ref --format=%(refname)%00%(upstream:short)%00%(objectname)%00%(upstream:track) refs/heads/main refs/remotes/main [2ms]
[2022-04-22T17:49:04.370Z] > git for-each-ref --sort -committerdate --format %(refname) %(objectname) %(*objectname) [33ms]
[2022-04-22T17:49:04.370Z] > git remote --verbose [2ms]
[2022-04-22T17:49:04.422Z] > git config --get commit.template [4ms]
[2022-04-22T17:49:09.496Z] > git symbolic-ref --short HEAD [2ms]
[2022-04-22T17:49:09.535Z] > git for-each-ref --format=%(refname)%00%(upstream:short)%00%(objectname)%00%(upstream:track) refs/heads/main refs/remotes/main [2ms]
[2022-04-22T17:49:09.692Z] > git for-each-ref --sort -committerdate --format %(refname) %(objectname) %(*objectname) [121ms]
[2022-04-22T17:49:09.695Z] > git remote --verbose [10ms]
[2022-04-22T17:49:09.762Z] > git config --get commit.template [7ms]
[2022-04-22T17:49:24.057Z] > git symbolic-ref --short HEAD [7ms]
[2022-04-22T17:49:24.111Z] > git for-each-ref --format=%(refname)%00%(upstream:short)%00%(objectname)%00%(upstream:track) refs/heads/main refs/remotes/main [4ms]
[2022-04-22T17:49:24.223Z] > git for-each-ref --sort -committerdate --format %(refname) %(objectname) %(*objectname) [67ms]
[2022-04-22T17:49:24.227Z] > git remote --verbose [21ms]
[2022-04-22T17:49:24.378Z] > git config --get commit.template [67ms]
[2022-04-22T17:49:25.833Z] > git ls-files --stage -- /home/dendolium/repos/Conglomerate/src/compiled-json/PredictionMarket.json [4ms]
[2022-04-22T17:49:26.766Z] > git ls-files --stage -- /home/dendolium/repos/Conglomerate/src/Components/PredictionMarket/MakeABet/MakeABet.js [3ms]
[2022-04-22T17:49:29.468Z] > git symbolic-ref --short HEAD [2ms]
[2022-04-22T17:49:29.502Z] > git for-each-ref --format=%(refname)%00%(upstream:short)%00%(objectname)%00%(upstream:track) refs/heads/main refs/remotes/main [2ms]
[2022-04-22T17:49:29.569Z] > git for-each-ref --sort -committerdate --format %(refname) %(objectname) %(*objectname) [35ms]
[2022-04-22T17:49:29.570Z] > git remote --verbose [3ms]
[2022-04-22T17:49:29.624Z] > git config --get commit.template [5ms]
[2022-04-22T17:49:34.736Z] > git symbolic-ref --short HEAD [4ms]
[2022-04-22T17:49:34.782Z] > git for-each-ref --format=%(refname)%00%(upstream:short)%00%(objectname)%00%(upstream:track) refs/heads/main refs/remotes/main [5ms]
[2022-04-22T17:49:34.884Z] > git for-each-ref --sort -committerdate --format %(refname) %(objectname) %(*objectname) [55ms]
[2022-04-22T17:49:34.884Z] > git remote --verbose [5ms]
[2022-04-22T17:49:34.961Z] > git config --get commit.template [6ms]
[2022-04-22T17:49:40.061Z] > git symbolic-ref --short HEAD [2ms]
[2022-04-22T17:49:40.092Z] > git for-each-ref --format=%(refname)%00%(upstream:short)%00%(objectname)%00%(upstream:track) refs/heads/main refs/remotes/main [2ms]
[2022-04-22T17:49:40.154Z] > git for-each-ref --sort -committerdate --format %(refname) %(objectname) %(*objectname) [32ms]
[2022-04-22T17:49:40.155Z] > git remote --verbose [4ms]
[2022-04-22T17:49:40.222Z] > git config --get commit.template [11ms]
[2022-04-22T17:49:45.309Z] > git symbolic-ref --short HEAD [2ms]
[2022-04-22T17:49:45.345Z] > git for-each-ref --format=%(refname)%00%(upstream:short)%00%(objectname)%00%(upstream:track) refs/heads/main refs/remotes/main [3ms]
[2022-04-22T17:49:45.416Z] > git for-each-ref --sort -committerdate --format %(refname) %(objectname) %(*objectname) [40ms]
[2022-04-22T17:49:45.417Z] > git remote --verbose [5ms]
[2022-04-22T17:49:45.474Z] > git config --get commit.template [6ms]
[2022-04-22T17:49:50.547Z] > git symbolic-ref --short HEAD [2ms]
[2022-04-22T17:49:50.579Z] > git for-each-ref --format=%(refname)%00%(upstream:short)%00%(objectname)%00%(upstream:track) refs/heads/main refs/remotes/main [2ms]
[2022-04-22T17:49:50.643Z] > git for-each-ref --sort -committerdate --format %(refname) %(objectname) %(*objectname) [34ms]
[2022-04-22T17:49:50.647Z] > git remote --verbose [7ms]
[2022-04-22T17:49:50.720Z] > git config --get commit.template [10ms]
[2022-04-22T17:49:55.837Z] > git symbolic-ref --short HEAD [5ms]
[2022-04-22T17:49:55.890Z] > git for-each-ref --format=%(refname)%00%(upstream:short)%00%(objectname)%00%(upstream:track) refs/heads/main refs/remotes/main [5ms]
[2022-04-22T17:49:55.980Z] > git for-each-ref --sort -committerdate --format %(refname) %(objectname) %(*objectname) [48ms]
[2022-04-22T17:49:55.981Z] > git remote --verbose [7ms]
[2022-04-22T17:49:56.044Z] > git config --get commit.template [5ms]
[2022-04-22T17:50:01.166Z] > git symbolic-ref --short HEAD [6ms]
[2022-04-22T17:50:01.241Z] > git for-each-ref --format=%(refname)%00%(upstream:short)%00%(objectname)%00%(upstream:track) refs/heads/main refs/remotes/main [6ms]
[2022-04-22T17:50:01.348Z] > git for-each-ref --sort -committerdate --format %(refname) %(objectname) %(*objectname) [52ms]
[2022-04-22T17:50:01.349Z] > git remote --verbose [8ms]
[2022-04-22T17:50:01.402Z] > git config --get commit.template [5ms]
[2022-04-22T17:50:06.479Z] > git symbolic-ref --short HEAD [2ms]
[2022-04-22T17:50:06.512Z] > git for-each-ref --format=%(refname)%00%(upstream:short)%00%(objectname)%00%(upstream:track) refs/heads/main refs/remotes/main [2ms]
[2022-04-22T17:50:06.574Z] > git for-each-ref --sort -committerdate --format %(refname) %(objectname) %(*objectname) [32ms]
[2022-04-22T17:50:06.575Z] > git remote --verbose [3ms]
[2022-04-22T17:50:06.624Z] > git config --get commit.template [4ms]
[2022-04-22T17:50:11.715Z] > git symbolic-ref --short HEAD [2ms]
[2022-04-22T17:50:11.758Z] > git for-each-ref --format=%(refname)%00%(upstream:short)%00%(objectname)%00%(upstream:track) refs/heads/main refs/remotes/main [3ms]
[2022-04-22T17:50:11.825Z] > git remote --verbose [3ms]
[2022-04-22T17:50:11.825Z] > git for-each-ref --sort -committerdate --format %(refname) %(objectname) %(*objectname) [34ms]
[2022-04-22T17:50:11.879Z] > git config --get commit.template [4ms]
[2022-04-22T17:50:16.974Z] > git symbolic-ref --short HEAD [2ms]
[2022-04-22T17:50:17.027Z] > git for-each-ref --format=%(refname)%00%(upstream:short)%00%(objectname)%00%(upstream:track) refs/heads/main refs/remotes/main [4ms]
[2022-04-22T17:50:17.122Z] > git remote --verbose [10ms]
[2022-04-22T17:50:17.122Z] > git for-each-ref --sort -committerdate --format %(refname) %(objectname) %(*objectname) [50ms]
[2022-04-22T17:50:17.184Z] > git config --get commit.template [3ms]
[2022-04-22T17:50:22.256Z] > git symbolic-ref --short HEAD [3ms]
[2022-04-22T17:50:22.288Z] > git for-each-ref --format=%(refname)%00%(upstream:short)%00%(objectname)%00%(upstream:track) refs/heads/main refs/remotes/main [2ms]
[2022-04-22T17:50:22.356Z] > git for-each-ref --sort -committerdate --format %(refname) %(objectname) %(*objectname) [39ms]
[2022-04-22T17:50:22.357Z] > git remote --verbose [2ms]
[2022-04-22T17:50:22.408Z] > git config --get commit.template [4ms]
[2022-04-22T17:50:27.487Z] > git symbolic-ref --short HEAD [3ms]
[2022-04-22T17:50:27.524Z] > git for-each-ref --format=%(refname)%00%(upstream:short)%00%(objectname)%00%(upstream:track) refs/heads/main refs/remotes/main [2ms]
[2022-04-22T17:50:27.592Z] > git for-each-ref --sort -committerdate --format %(refname) %(objectname) %(*objectname) [36ms]
[2022-04-22T17:50:27.593Z] > git remote --verbose [3ms]
[2022-04-22T17:50:27.649Z] > git config --get commit.template [7ms]
[2022-04-22T17:50:42.507Z] > git symbolic-ref --short HEAD [3ms]
[2022-04-22T17:50:42.568Z] > git for-each-ref --format=%(refname)%00%(upstream:short)%00%(objectname)%00%(upstream:track) refs/heads/main refs/remotes/main [5ms]
[2022-04-22T17:50:42.673Z] > git for-each-ref --sort -committerdate --format %(refname) %(objectname) %(*objectname) [50ms]
[2022-04-22T17:50:42.676Z] > git remote --verbose [6ms]
[2022-04-22T17:50:42.729Z] > git config --get commit.template [4ms]
[2022-04-22T17:51:04.003Z] > git symbolic-ref --short HEAD [4ms]
[2022-04-22T17:51:04.035Z] > git for-each-ref --format=%(refname)%00%(upstream:short)%00%(objectname)%00%(upstream:track) refs/heads/main refs/remotes/main [2ms]
[2022-04-22T17:51:04.133Z] > git for-each-ref --sort -committerdate --format %(refname) %(objectname) %(*objectname) [64ms]
[2022-04-22T17:51:04.137Z] > git remote --verbose [18ms]
[2022-04-22T17:51:04.240Z] > git config --get commit.template [7ms]
[2022-04-22T17:51:09.311Z] > git symbolic-ref --short HEAD [2ms]
[2022-04-22T17:51:09.346Z] > git for-each-ref --format=%(refname)%00%(upstream:short)%00%(objectname)%00%(upstream:track) refs/heads/main refs/remotes/main [2ms]
[2022-04-22T17:51:09.409Z] > git for-each-ref --sort -committerdate --format %(refname) %(objectname) %(*objectname) [32ms]
[2022-04-22T17:51:09.410Z] > git remote --verbose [2ms]
[2022-04-22T17:51:09.454Z] > git config --get commit.template [2ms]
[2022-04-22T17:51:14.574Z] > git symbolic-ref --short HEAD [3ms]
[2022-04-22T17:51:14.640Z] > git for-each-ref --format=%(refname)%00%(upstream:short)%00%(objectname)%00%(upstream:track) refs/heads/main refs/remotes/main [7ms]
[2022-04-22T17:51:14.776Z] > git for-each-ref --sort -committerdate --format %(refname) %(objectname) %(*objectname) [75ms]
[2022-04-22T17:51:14.780Z] > git remote --verbose [8ms]
[2022-04-22T17:51:14.866Z] > git config --get commit.template [7ms]
[2022-04-22T17:51:18.420Z] > git log --format=%H%n%aN%n%aE%n%at%n%ct%n%P%n%B -z -n21 -- /home/dendolium/repos/Conglomerate/src/Components/PredictionMarket/MakeABet/MakeABet.js [17ms]
[2022-04-22T17:51:19.960Z] > git symbolic-ref --short HEAD [1ms]
[2022-04-22T17:51:19.999Z] > git for-each-ref --format=%(refname)%00%(upstream:short)%00%(objectname)%00%(upstream:track) refs/heads/main refs/remotes/main [3ms]
[2022-04-22T17:51:20.078Z] > git for-each-ref --sort -committerdate --format %(refname) %(objectname) %(*objectname) [44ms]
[2022-04-22T17:51:20.078Z] > git remote --verbose [2ms]
[2022-04-22T17:51:20.143Z] > git config --get commit.template [9ms]
[2022-04-22T17:51:25.273Z] > git symbolic-ref --short HEAD [3ms]
[2022-04-22T17:51:25.311Z] > git for-each-ref --format=%(refname)%00%(upstream:short)%00%(objectname)%00%(upstream:track) refs/heads/main refs/remotes/main [2ms]
[2022-04-22T17:51:25.400Z] > git remote --verbose [5ms]
[2022-04-22T17:51:25.401Z] > git for-each-ref --sort -committerdate --format %(refname) %(objectname) %(*objectname) [51ms]
[2022-04-22T17:51:25.478Z] > git config --get commit.template [6ms]
[2022-04-22T17:51:30.551Z] > git symbolic-ref --short HEAD [2ms]
[2022-04-22T17:51:30.596Z] > git for-each-ref --format=%(refname)%00%(upstream:short)%00%(objectname)%00%(upstream:track) refs/heads/main refs/remotes/main [5ms]
[2022-04-22T17:51:30.662Z] > git for-each-ref --sort -committerdate --format %(refname) %(objectname) %(*objectname) [34ms]
[2022-04-22T17:51:30.663Z] > git remote --verbose [3ms]
[2022-04-22T17:51:30.708Z] > git config --get commit.template [5ms]
[2022-04-22T17:51:35.935Z] > git symbolic-ref --short HEAD [3ms]
[2022-04-22T17:51:36.044Z] > git for-each-ref --format=%(refname)%00%(upstream:short)%00%(objectname)%00%(upstream:track) refs/heads/main refs/remotes/main [15ms]
[2022-04-22T17:51:36.255Z] > git for-each-ref --sort -committerdate --format %(refname) %(objectname) %(*objectname) [94ms]
[2022-04-22T17:51:36.257Z] > git remote --verbose [8ms]
[2022-04-22T17:51:36.336Z] > git config --get commit.template [7ms]
[2022-04-22T17:51:41.419Z] > git symbolic-ref --short HEAD [3ms]
[2022-04-22T17:51:41.453Z] > git for-each-ref --format=%(refname)%00%(upstream:short)%00%(objectname)%00%(upstream:track) refs/heads/main refs/remotes/main [2ms]
[2022-04-22T17:51:41.519Z] > git for-each-ref --sort -committerdate --format %(refname) %(objectname) %(*objectname) [34ms]
[2022-04-22T17:51:41.520Z] > git remote --verbose [2ms]
[2022-04-22T17:51:41.586Z] > git config --get commit.template [7ms]
[2022-04-22T17:53:03.649Z] > git symbolic-ref --short HEAD [2ms]
[2022-04-22T17:53:03.696Z] > git for-each-ref --format=%(refname)%00%(upstream:short)%00%(objectname)%00%(upstream:track) refs/heads/main refs/remotes/main [6ms]
[2022-04-22T17:53:03.813Z] > git for-each-ref --sort -committerdate --format %(refname) %(objectname) %(*objectname) [59ms]
[2022-04-22T17:53:03.814Z] > git remote --verbose [6ms]
[2022-04-22T17:53:03.885Z] > git config --get commit.template [7ms]
[2022-04-22T17:53:09.023Z] > git symbolic-ref --short HEAD [4ms]
[2022-04-22T17:53:09.088Z] > git for-each-ref --format=%(refname)%00%(upstream:short)%00%(objectname)%00%(upstream:track) refs/heads/main refs/remotes/main [4ms]
[2022-04-22T17:53:09.225Z] > git for-each-ref --sort -committerdate --format %(refname) %(objectname) %(*objectname) [73ms]
[2022-04-22T17:53:09.231Z] > git remote --verbose [12ms]
[2022-04-22T17:53:09.775Z] > git config --get commit.template [444ms]
[2022-04-22T17:53:14.852Z] > git symbolic-ref --short HEAD [2ms]
[2022-04-22T17:53:14.887Z] > git for-each-ref --format=%(refname)%00%(upstream:short)%00%(objectname)%00%(upstream:track) refs/heads/main refs/remotes/main [3ms]
[2022-04-22T17:53:14.957Z] > git for-each-ref --sort -committerdate --format %(refname) %(objectname) %(*objectname) [38ms]
[2022-04-22T17:53:14.959Z] > git remote --verbose [5ms]
[2022-04-22T17:53:15.080Z] > git config --get commit.template [23ms]
[2022-04-22T17:53:20.150Z] > git symbolic-ref --short HEAD [1ms]
[2022-04-22T17:53:20.183Z] > git for-each-ref --format=%(refname)%00%(upstream:short)%00%(objectname)%00%(upstream:track) refs/heads/main refs/remotes/main [3ms]
[2022-04-22T17:53:20.250Z] > git for-each-ref --sort -committerdate --format %(refname) %(objectname) %(*objectname) [34ms]
[2022-04-22T17:53:20.251Z] > git remote --verbose [3ms]
[2022-04-22T17:53:20.301Z] > git config --get commit.template [6ms]
[2022-04-22T17:53:25.370Z] > git symbolic-ref --short HEAD [1ms]
[2022-04-22T17:53:25.402Z] > git for-each-ref --format=%(refname)%00%(upstream:short)%00%(objectname)%00%(upstream:track) refs/heads/main refs/remotes/main [2ms]
[2022-04-22T17:53:25.472Z] > git for-each-ref --sort -committerdate --format %(refname) %(objectname) %(*objectname) [34ms]
[2022-04-22T17:53:25.473Z] > git remote --verbose [3ms]
[2022-04-22T17:53:25.523Z] > git config --get commit.template [4ms]
[2022-04-22T17:53:30.595Z] > git symbolic-ref --short HEAD [2ms]
[2022-04-22T17:53:30.627Z] > git for-each-ref --format=%(refname)%00%(upstream:short)%00%(objectname)%00%(upstream:track) refs/heads/main refs/remotes/main [2ms]
[2022-04-22T17:53:30.689Z] > git for-each-ref --sort -committerdate --format %(refname) %(objectname) %(*objectname) [32ms]
[2022-04-22T17:53:30.689Z] > git remote --verbose [3ms]
[2022-04-22T17:53:30.737Z] > git config --get commit.template [6ms]
[2022-04-22T17:53:35.810Z] > git symbolic-ref --short HEAD [3ms]
[2022-04-22T17:53:35.845Z] > git for-each-ref --format=%(refname)%00%(upstream:short)%00%(objectname)%00%(upstream:track) refs/heads/main refs/remotes/main [2ms]
[2022-04-22T17:53:35.907Z] > git for-each-ref --sort -committerdate --format %(refname) %(objectname) %(*objectname) [32ms]
[2022-04-22T17:53:35.908Z] > git remote --verbose [3ms]
[2022-04-22T17:53:35.967Z] > git config --get commit.template [4ms]
[2022-04-22T17:53:41.038Z] > git symbolic-ref --short HEAD [2ms]
[2022-04-22T17:53:41.070Z] > git for-each-ref --format=%(refname)%00%(upstream:short)%00%(objectname)%00%(upstream:track) refs/heads/main refs/remotes/main [2ms]
[2022-04-22T17:53:41.133Z] > git for-each-ref --sort -committerdate --format %(refname) %(objectname) %(*objectname) [32ms]
[2022-04-22T17:53:41.134Z] > git remote --verbose [3ms]
[2022-04-22T17:53:41.180Z] > git config --get commit.template [4ms]
[2022-04-22T17:53:46.251Z] > git symbolic-ref --short HEAD [1ms]
[2022-04-22T17:53:46.284Z] > git for-each-ref --format=%(refname)%00%(upstream:short)%00%(objectname)%00%(upstream:track) refs/heads/main refs/remotes/main [3ms]
[2022-04-22T17:53:46.347Z] > git for-each-ref --sort -committerdate --format %(refname) %(objectname) %(*objectname) [32ms]
[2022-04-22T17:53:46.348Z] > git remote --verbose [3ms]
[2022-04-22T17:53:46.394Z] > git config --get commit.template [4ms]
[2022-04-22T17:53:51.475Z] > git symbolic-ref --short HEAD [2ms]
[2022-04-22T17:53:51.507Z] > git for-each-ref --format=%(refname)%00%(upstream:short)%00%(objectname)%00%(upstream:track) refs/heads/main refs/remotes/main [2ms]
[2022-04-22T17:53:51.572Z] > git for-each-ref --sort -committerdate --format %(refname) %(objectname) %(*objectname) [34ms]
[2022-04-22T17:53:51.573Z] > git remote --verbose [3ms]
[2022-04-22T17:53:51.622Z] > git config --get commit.template [7ms]
[2022-04-22T17:53:56.711Z] > git symbolic-ref --short HEAD [8ms]
[2022-04-22T17:53:56.754Z] > git for-each-ref --format=%(refname)%00%(upstream:short)%00%(objectname)%00%(upstream:track) refs/heads/main refs/remotes/main [4ms]
[2022-04-22T17:53:56.845Z] > git for-each-ref --sort -committerdate --format %(refname) %(objectname) %(*objectname) [52ms]
[2022-04-22T17:53:56.846Z] > git remote --verbose [15ms]
[2022-04-22T17:53:56.900Z] > git config --get commit.template [5ms]
[2022-04-22T17:54:01.979Z] > git symbolic-ref --short HEAD [2ms]
[2022-04-22T17:54:02.011Z] > git for-each-ref --format=%(refname)%00%(upstream:short)%00%(objectname)%00%(upstream:track) refs/heads/main refs/remotes/main [2ms]
[2022-04-22T17:54:02.074Z] > git for-each-ref --sort -committerdate --format %(refname) %(objectname) %(*objectname) [32ms]
[2022-04-22T17:54:02.075Z] > git remote --verbose [3ms]
[2022-04-22T17:54:02.127Z] > git config --get commit.template [3ms]
[2022-04-22T17:54:07.197Z] > git symbolic-ref --short HEAD [2ms]
[2022-04-22T17:54:07.229Z] > git for-each-ref --format=%(refname)%00%(upstream:short)%00%(objectname)%00%(upstream:track) refs/heads/main refs/remotes/main [2ms]
[2022-04-22T17:54:07.295Z] > git for-each-ref --sort -committerdate --format %(refname) %(objectname) %(*objectname) [36ms]
[2022-04-22T17:54:07.296Z] > git remote --verbose [2ms]
[2022-04-22T17:54:07.343Z] > git config --get commit.template [5ms]
[2022-04-22T17:54:12.426Z] > git symbolic-ref --short HEAD [3ms]
[2022-04-22T17:54:12.461Z] > git for-each-ref --format=%(refname)%00%(upstream:short)%00%(objectname)%00%(upstream:track) refs/heads/main refs/remotes/main [2ms]
[2022-04-22T17:54:12.525Z] > git for-each-ref --sort -committerdate --format %(refname) %(objectname) %(*objectname) [33ms]
[2022-04-22T17:54:12.526Z] > git remote --verbose [4ms]
[2022-04-22T17:54:12.574Z] > git config --get commit.template [6ms]
[2022-04-22T17:54:17.647Z] > git symbolic-ref --short HEAD [2ms]
[2022-04-22T17:54:17.680Z] > git for-each-ref --format=%(refname)%00%(upstream:short)%00%(objectname)%00%(upstream:track) refs/heads/main refs/remotes/main [2ms]
[2022-04-22T17:54:17.743Z] > git for-each-ref --sort -committerdate --format %(refname) %(objectname) %(*objectname) [33ms]
[2022-04-22T17:54:17.743Z] > git remote --verbose [2ms]
[2022-04-22T17:54:17.789Z] > git config --get commit.template [3ms]
[2022-04-22T17:54:22.861Z] > git symbolic-ref --short HEAD [2ms]
[2022-04-22T17:54:22.893Z] > git for-each-ref --format=%(refname)%00%(upstream:short)%00%(objectname)%00%(upstream:track) refs/heads/main refs/remotes/main [3ms]
[2022-04-22T17:54:22.960Z] > git for-each-ref --sort -committerdate --format %(refname) %(objectname) %(*objectname) [36ms]
[2022-04-22T17:54:22.961Z] > git remote --verbose [3ms]
[2022-04-22T17:54:23.010Z] > git config --get commit.template [4ms]
[2022-04-22T17:54:28.083Z] > git symbolic-ref --short HEAD [3ms]
[2022-04-22T17:54:28.117Z] > git for-each-ref --format=%(refname)%00%(upstream:short)%00%(objectname)%00%(upstream:track) refs/heads/main refs/remotes/main [3ms]
[2022-04-22T17:54:28.179Z] > git for-each-ref --sort -committerdate --format %(refname) %(objectname) %(*objectname) [33ms]
[2022-04-22T17:54:28.180Z] > git remote --verbose [3ms]
[2022-04-22T17:54:28.227Z] > git config --get commit.template [4ms]
[2022-04-22T17:54:33.297Z] > git symbolic-ref --short HEAD [2ms]
[2022-04-22T17:54:33.329Z] > git for-each-ref --format=%(refname)%00%(upstream:short)%00%(objectname)%00%(upstream:track) refs/heads/main refs/remotes/main [2ms]
[2022-04-22T17:54:33.394Z] > git for-each-ref --sort -committerdate --format %(refname) %(objectname) %(*objectname) [34ms]
[2022-04-22T17:54:33.395Z] > git remote --verbose [3ms]
[2022-04-22T17:54:33.451Z] > git config --get commit.template [4ms]
[2022-04-22T17:54:38.523Z] > git symbolic-ref --short HEAD [2ms]
[2022-04-22T17:54:38.556Z] > git for-each-ref --format=%(refname)%00%(upstream:short)%00%(objectname)%00%(upstream:track) refs/heads/main refs/remotes/main [3ms]
[2022-04-22T17:54:38.618Z] > git for-each-ref --sort -committerdate --format %(refname) %(objectname) %(*objectname) [32ms]
[2022-04-22T17:54:38.619Z] > git remote --verbose [3ms]
[2022-04-22T17:54:38.667Z] > git config --get commit.template [6ms]
[2022-04-22T17:54:43.739Z] > git symbolic-ref --short HEAD [2ms]
[2022-04-22T17:54:43.771Z] > git for-each-ref --format=%(refname)%00%(upstream:short)%00%(objectname)%00%(upstream:track) refs/heads/main refs/remotes/main [2ms]
[2022-04-22T17:54:43.836Z] > git for-each-ref --sort -committerdate --format %(refname) %(objectname) %(*objectname) [33ms]
[2022-04-22T17:54:43.836Z] > git remote --verbose [2ms]
[2022-04-22T17:54:43.887Z] > git config --get commit.template [5ms]
[2022-04-22T17:54:48.966Z] > git symbolic-ref --short HEAD [2ms]
[2022-04-22T17:54:49.000Z] > git for-each-ref --format=%(refname)%00%(upstream:short)%00%(objectname)%00%(upstream:track) refs/heads/main refs/remotes/main [3ms]
[2022-04-22T17:54:49.065Z] > git for-each-ref --sort -committerdate --format %(refname) %(objectname) %(*objectname) [32ms]
[2022-04-22T17:54:49.066Z] > git remote --verbose [3ms]
[2022-04-22T17:54:49.114Z] > git config --get commit.template [4ms]
[2022-04-22T17:54:54.185Z] > git symbolic-ref --short HEAD [2ms]
[2022-04-22T17:54:54.217Z] > git for-each-ref --format=%(refname)%00%(upstream:short)%00%(objectname)%00%(upstream:track) refs/heads/main refs/remotes/main [2ms]
[2022-04-22T17:54:54.279Z] > git for-each-ref --sort -committerdate --format %(refname) %(objectname) %(*objectname) [32ms]
[2022-04-22T17:54:54.280Z] > git remote --verbose [3ms]
[2022-04-22T17:54:54.330Z] > git config --get commit.template [4ms]
[2022-04-22T17:54:59.402Z] > git symbolic-ref --short HEAD [2ms]
[2022-04-22T17:54:59.438Z] > git for-each-ref --format=%(refname)%00%(upstream:short)%00%(objectname)%00%(upstream:track) refs/heads/main refs/remotes/main [3ms]
[2022-04-22T17:54:59.502Z] > git for-each-ref --sort -committerdate --format %(refname) %(objectname) %(*objectname) [32ms]
[2022-04-22T17:54:59.503Z] > git remote --verbose [3ms]
[2022-04-22T17:54:59.549Z] > git config --get commit.template [3ms]
[2022-04-22T17:55:04.624Z] > git symbolic-ref --short HEAD [3ms]
[2022-04-22T17:55:04.657Z] > git for-each-ref --format=%(refname)%00%(upstream:short)%00%(objectname)%00%(upstream:track) refs/heads/main refs/remotes/main [2ms]
[2022-04-22T17:55:04.720Z] > git for-each-ref --sort -committerdate --format %(refname) %(objectname) %(*objectname) [34ms]
[2022-04-22T17:55:04.720Z] > git remote --verbose [2ms]
[2022-04-22T17:55:04.774Z] > git config --get commit.template [6ms]
[2022-04-22T17:55:09.846Z] > git symbolic-ref --short HEAD [2ms]
[2022-04-22T17:55:09.878Z] > git for-each-ref --format=%(refname)%00%(upstream:short)%00%(objectname)%00%(upstream:track) refs/heads/main refs/remotes/main [2ms]
[2022-04-22T17:55:09.947Z] > git for-each-ref --sort -committerdate --format %(refname) %(objectname) %(*objectname) [38ms]
[2022-04-22T17:55:09.948Z] > git remote --verbose [4ms]
[2022-04-22T17:55:09.997Z] > git config --get commit.template [5ms]
[2022-04-22T17:55:15.067Z] > git symbolic-ref --short HEAD [2ms]
[2022-04-22T17:55:15.100Z] > git for-each-ref --format=%(refname)%00%(upstream:short)%00%(objectname)%00%(upstream:track) refs/heads/main refs/remotes/main [3ms]
[2022-04-22T17:55:15.162Z] > git for-each-ref --sort -committerdate --format %(refname) %(objectname) %(*objectname) [32ms]
[2022-04-22T17:55:15.162Z] > git remote --verbose [2ms]
[2022-04-22T17:55:15.212Z] > git config --get commit.template [4ms]
[2022-04-22T17:55:20.284Z] > git symbolic-ref --short HEAD [2ms]
[2022-04-22T17:55:20.319Z] > git for-each-ref --format=%(refname)%00%(upstream:short)%00%(objectname)%00%(upstream:track) refs/heads/main refs/remotes/main [3ms]
[2022-04-22T17:55:20.389Z] > git for-each-ref --sort -committerdate --format %(refname) %(objectname) %(*objectname) [39ms]
[2022-04-22T17:55:20.390Z] > git remote --verbose [3ms]
[2022-04-22T17:55:20.465Z] > git config --get commit.template [10ms]
[2022-04-22T17:57:09.712Z] > git symbolic-ref --short HEAD [5ms]
[2022-04-22T17:57:09.774Z] > git for-each-ref --format=%(refname)%00%(upstream:short)%00%(objectname)%00%(upstream:track) refs/heads/main refs/remotes/main [5ms]
[2022-04-22T17:57:09.964Z] > git remote --verbose [21ms]
[2022-04-22T17:57:09.964Z] > git for-each-ref --sort -committerdate --format %(refname) %(objectname) %(*objectname) [129ms]
[2022-04-22T17:57:10.044Z] > git config --get commit.template [4ms]
[2022-04-22T17:57:10.912Z] > git ls-files --stage -- /home/dendolium/repos/Conglomerate/contracts/PredictionMarket.sol [4ms]
[2022-04-22T17:57:10.946Z] > git cat-file -s 85bb7924deef1d8f5d80c5c20b1b21182eaefb2d [4ms]
[2022-04-22T17:58:44.260Z] > git symbolic-ref --short HEAD [4ms]
[2022-04-22T17:58:44.329Z] > git for-each-ref --format=%(refname)%00%(upstream:short)%00%(objectname)%00%(upstream:track) refs/heads/main refs/remotes/main [6ms]
[2022-04-22T17:58:44.445Z] > git for-each-ref --sort -committerdate --format %(refname) %(objectname) %(*objectname) [51ms]
[2022-04-22T17:58:44.447Z] > git remote --verbose [4ms]
[2022-04-22T17:58:44.510Z] > git config --get commit.template [6ms]
[2022-04-22T17:58:49.643Z] > git symbolic-ref --short HEAD [2ms]
[2022-04-22T17:58:49.676Z] > git for-each-ref --format=%(refname)%00%(upstream:short)%00%(objectname)%00%(upstream:track) refs/heads/main refs/remotes/main [2ms]
[2022-04-22T17:58:49.736Z] > git for-each-ref --sort -committerdate --format %(refname) %(objectname) %(*objectname) [31ms]
[2022-04-22T17:58:49.737Z] > git remote --verbose [3ms]
[2022-04-22T17:58:49.792Z] > git config --get commit.template [4ms]
[2022-04-22T17:58:54.911Z] > git symbolic-ref --short HEAD [5ms]
[2022-04-22T17:58:54.954Z] > git for-each-ref --format=%(refname)%00%(upstream:short)%00%(objectname)%00%(upstream:track) refs/heads/main refs/remotes/main [4ms]
[2022-04-22T17:58:55.018Z] > git for-each-ref --sort -committerdate --format %(refname) %(objectname) %(*objectname) [32ms]
[2022-04-22T17:58:55.018Z] > git remote --verbose [3ms]
[2022-04-22T17:58:55.065Z] > git config --get commit.template [4ms]
[2022-04-22T17:59:00.143Z] > git symbolic-ref --short HEAD [3ms]
[2022-04-22T17:59:00.177Z] > git for-each-ref --format=%(refname)%00%(upstream:short)%00%(objectname)%00%(upstream:track) refs/heads/main refs/remotes/main [2ms]
[2022-04-22T17:59:00.245Z] > git for-each-ref --sort -committerdate --format %(refname) %(objectname) %(*objectname) [35ms]
[2022-04-22T17:59:00.246Z] > git remote --verbose [4ms]
[2022-04-22T17:59:00.294Z] > git config --get commit.template [4ms]
[2022-04-22T17:59:05.374Z] > git symbolic-ref --short HEAD [2ms]
[2022-04-22T17:59:05.410Z] > git for-each-ref --format=%(refname)%00%(upstream:short)%00%(objectname)%00%(upstream:track) refs/heads/main refs/remotes/main [3ms]
[2022-04-22T17:59:05.476Z] > git for-each-ref --sort -committerdate --format %(refname) %(objectname) %(*objectname) [34ms]
[2022-04-22T17:59:05.477Z] > git remote --verbose [3ms]
[2022-04-22T17:59:05.533Z] > git config --get commit.template [6ms]
[2022-04-22T17:59:10.605Z] > git symbolic-ref --short HEAD [2ms]
[2022-04-22T17:59:10.638Z] > git for-each-ref --format=%(refname)%00%(upstream:short)%00%(objectname)%00%(upstream:track) refs/heads/main refs/remotes/main [2ms]
[2022-04-22T17:59:10.702Z] > git for-each-ref --sort -committerdate --format %(refname) %(objectname) %(*objectname) [33ms]
[2022-04-22T17:59:10.703Z] > git remote --verbose [4ms]
[2022-04-22T17:59:10.756Z] > git config --get commit.template [5ms]
[2022-04-22T17:59:15.846Z] > git symbolic-ref --short HEAD [4ms]
[2022-04-22T17:59:15.892Z] > git for-each-ref --format=%(refname)%00%(upstream:short)%00%(objectname)%00%(upstream:track) refs/heads/main refs/remotes/main [4ms]
[2022-04-22T17:59:15.979Z] > git for-each-ref --sort -committerdate --format %(refname) %(objectname) %(*objectname) [47ms]
[2022-04-22T17:59:15.980Z] > git remote --verbose [15ms]
[2022-04-22T17:59:16.039Z] > git config --get commit.template [4ms]
[2022-04-22T17:59:21.110Z] > git symbolic-ref --short HEAD [2ms]
[2022-04-22T17:59:21.142Z] > git for-each-ref --format=%(refname)%00%(upstream:short)%00%(objectname)%00%(upstream:track) refs/heads/main refs/remotes/main [2ms]
[2022-04-22T17:59:21.204Z] > git for-each-ref --sort -committerdate --format %(refname) %(objectname) %(*objectname) [33ms]
[2022-04-22T17:59:21.204Z] > git remote --verbose [2ms]
[2022-04-22T17:59:21.253Z] > git config --get commit.template [5ms]
[2022-04-22T17:59:26.357Z] > git symbolic-ref --short HEAD [4ms]
[2022-04-22T17:59:26.428Z] > git for-each-ref --format=%(refname)%00%(upstream:short)%00%(objectname)%00%(upstream:track) refs/heads/main refs/remotes/main [10ms]
[2022-04-22T17:59:26.522Z] > git for-each-ref --sort -committerdate --format %(refname) %(objectname) %(*objectname) [40ms]
[2022-04-22T17:59:26.523Z] > git remote --verbose [5ms]
[2022-04-22T17:59:26.600Z] > git config --get commit.template [11ms]
[2022-04-22T17:59:31.685Z] > git symbolic-ref --short HEAD [3ms]
[2022-04-22T17:59:31.724Z] > git for-each-ref --format=%(refname)%00%(upstream:short)%00%(objectname)%00%(upstream:track) refs/heads/main refs/remotes/main [3ms]
[2022-04-22T17:59:31.791Z] > git for-each-ref --sort -committerdate --format %(refname) %(objectname) %(*objectname) [33ms]
[2022-04-22T17:59:31.791Z] > git remote --verbose [2ms]
[2022-04-22T17:59:31.843Z] > git config --get commit.template [8ms]
[2022-04-22T17:59:36.978Z] > git symbolic-ref --short HEAD [5ms]
[2022-04-22T17:59:37.046Z] > git for-each-ref --format=%(refname)%00%(upstream:short)%00%(objectname)%00%(upstream:track) refs/heads/main refs/remotes/main [5ms]
[2022-04-22T17:59:37.177Z] > git for-each-ref --sort -committerdate --format %(refname) %(objectname) %(*objectname) [67ms]
[2022-04-22T17:59:37.180Z] > git remote --verbose [9ms]
[2022-04-22T17:59:37.271Z] > git config --get commit.template [7ms]
[2022-04-22T17:59:42.421Z] > git symbolic-ref --short HEAD [3ms]
[2022-04-22T17:59:42.485Z] > git for-each-ref --format=%(refname)%00%(upstream:short)%00%(objectname)%00%(upstream:track) refs/heads/main refs/remotes/main [3ms]
[2022-04-22T17:59:42.617Z] > git for-each-ref --sort -committerdate --format %(refname) %(objectname) %(*objectname) [64ms]
[2022-04-22T17:59:42.619Z] > git remote --verbose [5ms]
[2022-04-22T17:59:42.716Z] > git config --get commit.template [12ms]
[2022-04-22T17:59:47.788Z] > git symbolic-ref --short HEAD [2ms]
[2022-04-22T17:59:47.821Z] > git for-each-ref --format=%(refname)%00%(upstream:short)%00%(objectname)%00%(upstream:track) refs/heads/main refs/remotes/main [2ms]
[2022-04-22T17:59:47.884Z] > git for-each-ref --sort -committerdate --format %(refname) %(objectname) %(*objectname) [33ms]
[2022-04-22T17:59:47.884Z] > git remote --verbose [3ms]
[2022-04-22T17:59:47.930Z] > git config --get commit.template [3ms]
[2022-04-22T17:59:53.001Z] > git symbolic-ref --short HEAD [2ms]
[2022-04-22T17:59:53.033Z] > git for-each-ref --format=%(refname)%00%(upstream:short)%00%(objectname)%00%(upstream:track) refs/heads/main refs/remotes/main [2ms]
[2022-04-22T17:59:53.095Z] > git for-each-ref --sort -committerdate --format %(refname) %(objectname) %(*objectname) [32ms]
[2022-04-22T17:59:53.095Z] > git remote --verbose [2ms]
[2022-04-22T17:59:53.144Z] > git config --get commit.template [4ms]
[2022-04-22T17:59:58.214Z] > git symbolic-ref --short HEAD [1ms]
[2022-04-22T17:59:58.247Z] > git for-each-ref --format=%(refname)%00%(upstream:short)%00%(objectname)%00%(upstream:track) refs/heads/main refs/remotes/main [2ms]
[2022-04-22T17:59:58.310Z] > git for-each-ref --sort -committerdate --format %(refname) %(objectname) %(*objectname) [33ms]
[2022-04-22T17:59:58.310Z] > git remote --verbose [2ms]
[2022-04-22T17:59:58.358Z] > git config --get commit.template [4ms]
[2022-04-22T18:00:03.440Z] > git symbolic-ref --short HEAD [3ms]
[2022-04-22T18:00:03.473Z] > git for-each-ref --format=%(refname)%00%(upstream:short)%00%(objectname)%00%(upstream:track) refs/heads/main refs/remotes/main [2ms]
[2022-04-22T18:00:03.537Z] > git for-each-ref --sort -committerdate --format %(refname) %(objectname) %(*objectname) [33ms]
[2022-04-22T18:00:03.538Z] > git remote --verbose [3ms]
[2022-04-22T18:00:03.585Z] > git config --get commit.template [4ms]
[2022-04-22T18:00:08.694Z] > git symbolic-ref --short HEAD [6ms]
[2022-04-22T18:00:08.760Z] > git for-each-ref --format=%(refname)%00%(upstream:short)%00%(objectname)%00%(upstream:track) refs/heads/main refs/remotes/main [4ms]
[2022-04-22T18:00:08.870Z] > git for-each-ref --sort -committerdate --format %(refname) %(objectname) %(*objectname) [53ms]
[2022-04-22T18:00:08.897Z] > git remote --verbose [30ms]
[2022-04-22T18:00:08.989Z] > git config --get commit.template [15ms]
[2022-04-22T18:00:14.117Z] > git symbolic-ref --short HEAD [2ms]
[2022-04-22T18:00:14.179Z] > git for-each-ref --format=%(refname)%00%(upstream:short)%00%(objectname)%00%(upstream:track) refs/heads/main refs/remotes/main [7ms]
[2022-04-22T18:00:14.301Z] > git for-each-ref --sort -committerdate --format %(refname) %(objectname) %(*objectname) [66ms]
[2022-04-22T18:00:14.306Z] > git remote --verbose [9ms]
[2022-04-22T18:00:14.401Z] > git config --get commit.template [20ms]
[2022-04-22T18:00:19.474Z] > git symbolic-ref --short HEAD [2ms]
[2022-04-22T18:00:19.506Z] > git for-each-ref --format=%(refname)%00%(upstream:short)%00%(objectname)%00%(upstream:track) refs/heads/main refs/remotes/main [2ms]
[2022-04-22T18:00:19.569Z] > git for-each-ref --sort -committerdate --format %(refname) %(objectname) %(*objectname) [32ms]
[2022-04-22T18:00:19.569Z] > git remote --verbose [2ms]
[2022-04-22T18:00:19.620Z] > git config --get commit.template [3ms]
[2022-04-22T18:00:24.731Z] > git symbolic-ref --short HEAD [5ms]
[2022-04-22T18:00:24.808Z] > git for-each-ref --format=%(refname)%00%(upstream:short)%00%(objectname)%00%(upstream:track) refs/heads/main refs/remotes/main [4ms]
[2022-04-22T18:00:24.927Z] > git for-each-ref --sort -committerdate --format %(refname) %(objectname) %(*objectname) [60ms]
[2022-04-22T18:00:24.932Z] > git remote --verbose [7ms]
[2022-04-22T18:00:25.633Z] > git config --get commit.template [600ms]
[2022-04-22T18:00:30.765Z] > git symbolic-ref --short HEAD [3ms]
[2022-04-22T18:00:30.813Z] > git for-each-ref --format=%(refname)%00%(upstream:short)%00%(objectname)%00%(upstream:track) refs/heads/main refs/remotes/main [3ms]
[2022-04-22T18:00:30.903Z] > git for-each-ref --sort -committerdate --format %(refname) %(objectname) %(*objectname) [49ms]
[2022-04-22T18:00:30.904Z] > git remote --verbose [2ms]
[2022-04-22T18:00:30.971Z] > git config --get commit.template [5ms]
[2022-04-22T18:00:36.106Z] > git symbolic-ref --short HEAD [5ms]
[2022-04-22T18:00:36.173Z] > git for-each-ref --format=%(refname)%00%(upstream:short)%00%(objectname)%00%(upstream:track) refs/heads/main refs/remotes/main [4ms]
[2022-04-22T18:00:36.284Z] > git for-each-ref --sort -committerdate --format %(refname) %(objectname) %(*objectname) [60ms]
[2022-04-22T18:00:36.285Z] > git remote --verbose [4ms]
[2022-04-22T18:00:36.397Z] > git config --get commit.template [14ms]
[2022-04-22T18:00:41.478Z] > git symbolic-ref --short HEAD [2ms]
[2022-04-22T18:00:41.513Z] > git for-each-ref --format=%(refname)%00%(upstream:short)%00%(objectname)%00%(upstream:track) refs/heads/main refs/remotes/main [2ms]
[2022-04-22T18:00:41.576Z] > git for-each-ref --sort -committerdate --format %(refname) %(objectname) %(*objectname) [33ms]
[2022-04-22T18:00:41.576Z] > git remote --verbose [2ms]
[2022-04-22T18:00:41.625Z] > git config --get commit.template [6ms]
[2022-04-22T18:00:46.700Z] > git symbolic-ref --short HEAD [2ms]
[2022-04-22T18:00:46.734Z] > git for-each-ref --format=%(refname)%00%(upstream:short)%00%(objectname)%00%(upstream:track) refs/heads/main refs/remotes/main [3ms]
[2022-04-22T18:00:46.800Z] > git for-each-ref --sort -committerdate --format %(refname) %(objectname) %(*objectname) [35ms]
[2022-04-22T18:00:46.800Z] > git remote --verbose [2ms]
[2022-04-22T18:00:46.857Z] > git config --get commit.template [4ms]
[2022-04-22T18:00:51.968Z] > git symbolic-ref --short HEAD [3ms]
[2022-04-22T18:00:52.010Z] > git for-each-ref --format=%(refname)%00%(upstream:short)%00%(objectname)%00%(upstream:track) refs/heads/main refs/remotes/main [2ms]
[2022-04-22T18:00:52.096Z] > git for-each-ref --sort -committerdate --format %(refname) %(objectname) %(*objectname) [50ms]
[2022-04-22T18:00:52.097Z] > git remote --verbose [3ms]
[2022-04-22T18:00:52.166Z] > git config --get commit.template [7ms]
[2022-04-22T18:00:57.238Z] > git symbolic-ref --short HEAD [1ms]
[2022-04-22T18:00:57.270Z] > git for-each-ref --format=%(refname)%00%(upstream:short)%00%(objectname)%00%(upstream:track) refs/heads/main refs/remotes/main [2ms]
[2022-04-22T18:00:57.332Z] > git for-each-ref --sort -committerdate --format %(refname) %(objectname) %(*objectname) [32ms]
[2022-04-22T18:00:57.333Z] > git remote --verbose [3ms]
[2022-04-22T18:00:57.380Z] > git config --get commit.template [4ms]
[2022-04-22T18:01:02.454Z] > git symbolic-ref --short HEAD [2ms]
[2022-04-22T18:01:02.488Z] > git for-each-ref --format=%(refname)%00%(upstream:short)%00%(objectname)%00%(upstream:track) refs/heads/main refs/remotes/main [2ms]
[2022-04-22T18:01:02.560Z] > git for-each-ref --sort -committerdate --format %(refname) %(objectname) %(*objectname) [34ms]
[2022-04-22T18:01:02.561Z] > git remote --verbose [3ms]
[2022-04-22T18:01:02.634Z] > git config --get commit.template [6ms]
[2022-04-22T18:01:07.713Z] > git symbolic-ref --short HEAD [2ms]
[2022-04-22T18:01:07.749Z] > git for-each-ref --format=%(refname)%00%(upstream:short)%00%(objectname)%00%(upstream:track) refs/heads/main refs/remotes/main [3ms]
[2022-04-22T18:01:07.815Z] > git for-each-ref --sort -committerdate --format %(refname) %(objectname) %(*objectname) [35ms]
[2022-04-22T18:01:07.815Z] > git remote --verbose [3ms]
[2022-04-22T18:01:07.867Z] > git config --get commit.template [6ms]
[2022-04-22T18:01:12.946Z] > git symbolic-ref --short HEAD [4ms]
[2022-04-22T18:01:12.984Z] > git for-each-ref --format=%(refname)%00%(upstream:short)%00%(objectname)%00%(upstream:track) refs/heads/main refs/remotes/main [2ms]
[2022-04-22T18:01:13.049Z] > git for-each-ref --sort -committerdate --format %(refname) %(objectname) %(*objectname) [35ms]
[2022-04-22T18:01:13.050Z] > git remote --verbose [3ms]
[2022-04-22T18:01:13.096Z] > git config --get commit.template [4ms]
[2022-04-22T18:01:18.187Z] > git symbolic-ref --short HEAD [4ms]
[2022-04-22T18:01:18.243Z] > git for-each-ref --format=%(refname)%00%(upstream:short)%00%(objectname)%00%(upstream:track) refs/heads/main refs/remotes/main [5ms]
[2022-04-22T18:01:18.376Z] > git for-each-ref --sort -committerdate --format %(refname) %(objectname) %(*objectname) [91ms]
[2022-04-22T18:01:18.380Z] > git remote --verbose [50ms]
[2022-04-22T18:01:18.955Z] > git config --get commit.template [471ms]
[2022-04-22T18:01:24.036Z] > git symbolic-ref --short HEAD [2ms]
[2022-04-22T18:01:24.072Z] > git for-each-ref --format=%(refname)%00%(upstream:short)%00%(objectname)%00%(upstream:track) refs/heads/main refs/remotes/main [2ms]
[2022-04-22T18:01:24.137Z] > git for-each-ref --sort -committerdate --format %(refname) %(objectname) %(*objectname) [34ms]
[2022-04-22T18:01:24.138Z] > git remote --verbose [3ms]
[2022-04-22T18:01:24.186Z] > git config --get commit.template [4ms]
[2022-04-22T18:01:29.298Z] > git symbolic-ref --short HEAD [1ms]
[2022-04-22T18:01:29.344Z] > git for-each-ref --format=%(refname)%00%(upstream:short)%00%(objectname)%00%(upstream:track) refs/heads/main refs/remotes/main [3ms]
[2022-04-22T18:01:29.439Z] > git for-each-ref --sort -committerdate --format %(refname) %(objectname) %(*objectname) [47ms]
[2022-04-22T18:01:29.441Z] > git remote --verbose [5ms]
[2022-04-22T18:01:29.528Z] > git config --get commit.template [8ms]
[2022-04-22T18:01:34.603Z] > git symbolic-ref --short HEAD [2ms]
[2022-04-22T18:01:34.638Z] > git for-each-ref --format=%(refname)%00%(upstream:short)%00%(objectname)%00%(upstream:track) refs/heads/main refs/remotes/main [2ms]
[2022-04-22T18:01:34.718Z] > git for-each-ref --sort -committerdate --format %(refname) %(objectname) %(*objectname) [40ms]
[2022-04-22T18:01:34.719Z] > git remote --verbose [3ms]
[2022-04-22T18:01:34.770Z] > git config --get commit.template [3ms]
[2022-04-22T18:01:39.874Z] > git symbolic-ref --short HEAD [4ms]
[2022-04-22T18:01:39.919Z] > git for-each-ref --format=%(refname)%00%(upstream:short)%00%(objectname)%00%(upstream:track) refs/heads/main refs/remotes/main [4ms]
[2022-04-22T18:01:40.021Z] > git for-each-ref --sort -committerdate --format %(refname) %(objectname) %(*objectname) [53ms]
[2022-04-22T18:01:40.023Z] > git remote --verbose [6ms]
[2022-04-22T18:01:40.103Z] > git config --get commit.template [8ms]
[2022-04-22T18:01:45.173Z] > git symbolic-ref --short HEAD [2ms]
[2022-04-22T18:01:45.207Z] > git for-each-ref --format=%(refname)%00%(upstream:short)%00%(objectname)%00%(upstream:track) refs/heads/main refs/remotes/main [3ms]
[2022-04-22T18:01:45.270Z] > git for-each-ref --sort -committerdate --format %(refname) %(objectname) %(*objectname) [34ms]
[2022-04-22T18:01:45.271Z] > git remote --verbose [4ms]
[2022-04-22T18:01:45.320Z] > git config --get commit.template [5ms]
[2022-04-22T18:01:50.393Z] > git symbolic-ref --short HEAD [2ms]
[2022-04-22T18:01:50.425Z] > git for-each-ref --format=%(refname)%00%(upstream:short)%00%(objectname)%00%(upstream:track) refs/heads/main refs/remotes/main [2ms]
[2022-04-22T18:01:50.489Z] > git for-each-ref --sort -committerdate --format %(refname) %(objectname) %(*objectname) [33ms]
[2022-04-22T18:01:50.489Z] > git remote --verbose [2ms]
[2022-04-22T18:01:50.536Z] > git config --get commit.template [5ms]
[2022-04-22T18:01:55.651Z] > git symbolic-ref --short HEAD [3ms]
[2022-04-22T18:01:55.688Z] > git for-each-ref --format=%(refname)%00%(upstream:short)%00%(objectname)%00%(upstream:track) refs/heads/main refs/remotes/main [3ms]
[2022-04-22T18:01:55.758Z] > git for-each-ref --sort -committerdate --format %(refname) %(objectname) %(*objectname) [34ms]
[2022-04-22T18:01:55.758Z] > git remote --verbose [3ms]
[2022-04-22T18:01:55.815Z] > git config --get commit.template [6ms]
[2022-04-22T18:02:00.885Z] > git symbolic-ref --short HEAD [2ms]
[2022-04-22T18:02:00.918Z] > git for-each-ref --format=%(refname)%00%(upstream:short)%00%(objectname)%00%(upstream:track) refs/heads/main refs/remotes/main [2ms]
[2022-04-22T18:02:00.980Z] > git for-each-ref --sort -committerdate --format %(refname) %(objectname) %(*objectname) [32ms]
[2022-04-22T18:02:00.981Z] > git remote --verbose [3ms]
[2022-04-22T18:02:01.033Z] > git config --get commit.template [7ms]
[2022-04-22T18:02:06.103Z] > git symbolic-ref --short HEAD [2ms]
[2022-04-22T18:02:06.135Z] > git for-each-ref --format=%(refname)%00%(upstream:short)%00%(objectname)%00%(upstream:track) refs/heads/main refs/remotes/main [2ms]
[2022-04-22T18:02:06.198Z] > git for-each-ref --sort -committerdate --format %(refname) %(objectname) %(*objectname) [32ms]
[2022-04-22T18:02:06.198Z] > git remote --verbose [2ms]
[2022-04-22T18:02:06.252Z] > git config --get commit.template [4ms]
[2022-04-22T18:02:11.347Z] > git symbolic-ref --short HEAD [4ms]
[2022-04-22T18:02:11.395Z] > git for-each-ref --format=%(refname)%00%(upstream:short)%00%(objectname)%00%(upstream:track) refs/heads/main refs/remotes/main [5ms]
[2022-04-22T18:02:11.473Z] > git for-each-ref --sort -committerdate --format %(refname) %(objectname) %(*objectname) [40ms]
[2022-04-22T18:02:11.491Z] > git remote --verbose [22ms]
[2022-04-22T18:02:11.555Z] > git config --get commit.template [7ms]
[2022-04-22T18:02:16.692Z] > git symbolic-ref --short HEAD [3ms]
[2022-04-22T18:02:16.749Z] > git for-each-ref --format=%(refname)%00%(upstream:short)%00%(objectname)%00%(upstream:track) refs/heads/main refs/remotes/main [3ms]
[2022-04-22T18:02:16.861Z] > git for-each-ref --sort -committerdate --format %(refname) %(objectname) %(*objectname) [56ms]
[2022-04-22T18:02:16.862Z] > git remote --verbose [4ms]
[2022-04-22T18:02:16.949Z] > git config --get commit.template [9ms]
[2022-04-22T18:02:22.025Z] > git symbolic-ref --short HEAD [1ms]
[2022-04-22T18:02:22.058Z] > git for-each-ref --format=%(refname)%00%(upstream:short)%00%(objectname)%00%(upstream:track) refs/heads/main refs/remotes/main [2ms]
[2022-04-22T18:02:22.124Z] > git for-each-ref --sort -committerdate --format %(refname) %(objectname) %(*objectname) [33ms]
[2022-04-22T18:02:22.125Z] > git remote --verbose [2ms]
[2022-04-22T18:02:22.176Z] > git config --get commit.template [4ms]
[2022-04-22T18:02:27.251Z] > git symbolic-ref --short HEAD [3ms]
[2022-04-22T18:02:27.287Z] > git for-each-ref --format=%(refname)%00%(upstream:short)%00%(objectname)%00%(upstream:track) refs/heads/main refs/remotes/main [2ms]
[2022-04-22T18:02:27.353Z] > git for-each-ref --sort -committerdate --format %(refname) %(objectname) %(*objectname) [34ms]
[2022-04-22T18:02:27.354Z] > git remote --verbose [3ms]
[2022-04-22T18:02:27.407Z] > git config --get commit.template [8ms]
[2022-04-22T18:02:32.494Z] > git symbolic-ref --short HEAD [2ms]
[2022-04-22T18:02:32.528Z] > git for-each-ref --format=%(refname)%00%(upstream:short)%00%(objectname)%00%(upstream:track) refs/heads/main refs/remotes/main [2ms]
[2022-04-22T18:02:32.601Z] > git for-each-ref --sort -committerdate --format %(refname) %(objectname) %(*objectname) [41ms]
[2022-04-22T18:02:32.602Z] > git remote --verbose [3ms]
[2022-04-22T18:02:32.652Z] > git config --get commit.template [4ms]
[2022-04-22T18:02:37.743Z] > git symbolic-ref --short HEAD [5ms]
[2022-04-22T18:02:37.809Z] > git for-each-ref --format=%(refname)%00%(upstream:short)%00%(objectname)%00%(upstream:track) refs/heads/main refs/remotes/main [7ms]
[2022-04-22T18:02:37.895Z] > git for-each-ref --sort -committerdate --format %(refname) %(objectname) %(*objectname) [40ms]
[2022-04-22T18:02:37.907Z] > git remote --verbose [15ms]
[2022-04-22T18:02:37.987Z] > git config --get commit.template [7ms]
[2022-04-22T18:02:43.073Z] > git symbolic-ref --short HEAD [2ms]
[2022-04-22T18:02:43.115Z] > git for-each-ref --format=%(refname)%00%(upstream:short)%00%(objectname)%00%(upstream:track) refs/heads/main refs/remotes/main [2ms]
[2022-04-22T18:02:43.196Z] > git for-each-ref --sort -committerdate --format %(refname) %(objectname) %(*objectname) [41ms]
[2022-04-22T18:02:43.197Z] > git remote --verbose [3ms]
[2022-04-22T18:02:43.252Z] > git config --get commit.template [4ms]
[2022-04-22T18:02:48.376Z] > git symbolic-ref --short HEAD [3ms]
[2022-04-22T18:02:48.424Z] > git for-each-ref --format=%(refname)%00%(upstream:short)%00%(objectname)%00%(upstream:track) refs/heads/main refs/remotes/main [2ms]
[2022-04-22T18:02:48.505Z] > git for-each-ref --sort -committerdate --format %(refname) %(objectname) %(*objectname) [40ms]
[2022-04-22T18:02:48.506Z] > git remote --verbose [3ms]
[2022-04-22T18:02:48.564Z] > git config --get commit.template [4ms]
[2022-04-22T18:02:53.635Z] > git symbolic-ref --short HEAD [2ms]
[2022-04-22T18:02:53.670Z] > git for-each-ref --format=%(refname)%00%(upstream:short)%00%(objectname)%00%(upstream:track) refs/heads/main refs/remotes/main [3ms]
[2022-04-22T18:02:53.734Z] > git for-each-ref --sort -committerdate --format %(refname) %(objectname) %(*objectname) [33ms]
[2022-04-22T18:02:53.734Z] > git remote --verbose [2ms]
[2022-04-22T18:02:53.783Z] > git config --get commit.template [5ms]
[2022-04-22T18:02:58.889Z] > git symbolic-ref --short HEAD [3ms]
[2022-04-22T18:02:58.929Z] > git for-each-ref --format=%(refname)%00%(upstream:short)%00%(objectname)%00%(upstream:track) refs/heads/main refs/remotes/main [3ms]
[2022-04-22T18:02:59.008Z] > git for-each-ref --sort -committerdate --format %(refname) %(objectname) %(*objectname) [41ms]
[2022-04-22T18:02:59.009Z] > git remote --verbose [4ms]
[2022-04-22T18:02:59.062Z] > git config --get commit.template [5ms]
[2022-04-22T18:03:04.162Z] > git symbolic-ref --short HEAD [4ms]
[2022-04-22T18:03:04.229Z] > git for-each-ref --format=%(refname)%00%(upstream:short)%00%(objectname)%00%(upstream:track) refs/heads/main refs/remotes/main [2ms]
[2022-04-22T18:03:04.356Z] > git for-each-ref --sort -committerdate --format %(refname) %(objectname) %(*objectname) [72ms]
[2022-04-22T18:03:04.368Z] > git remote --verbose [18ms]
[2022-04-22T18:03:05.279Z] > git config --get commit.template [766ms]
[2022-04-22T18:03:10.368Z] > git symbolic-ref --short HEAD [2ms]
[2022-04-22T18:03:10.413Z] > git for-each-ref --format=%(refname)%00%(upstream:short)%00%(objectname)%00%(upstream:track) refs/heads/main refs/remotes/main [3ms]
[2022-04-22T18:03:10.502Z] > git for-each-ref --sort -committerdate --format %(refname) %(objectname) %(*objectname) [47ms]
[2022-04-22T18:03:10.503Z] > git remote --verbose [6ms]
[2022-04-22T18:03:10.565Z] > git config --get commit.template [5ms]
[2022-04-22T18:03:15.659Z] > git symbolic-ref --short HEAD [3ms]
[2022-04-22T18:03:15.714Z] > git for-each-ref --format=%(refname)%00%(upstream:short)%00%(objectname)%00%(upstream:track) refs/heads/main refs/remotes/main [4ms]
[2022-04-22T18:03:15.848Z] > git for-each-ref --sort -committerdate --format %(refname) %(objectname) %(*objectname) [71ms]
[2022-04-22T18:03:15.853Z] > git remote --verbose [8ms]
[2022-04-22T18:03:15.955Z] > git config --get commit.template [10ms]
[2022-04-22T18:03:21.043Z] > git symbolic-ref --short HEAD [3ms]
[2022-04-22T18:03:21.081Z] > git for-each-ref --format=%(refname)%00%(upstream:short)%00%(objectname)%00%(upstream:track) refs/heads/main refs/remotes/main [2ms]
[2022-04-22T18:03:21.150Z] > git for-each-ref --sort -committerdate --format %(refname) %(objectname) %(*objectname) [34ms]
[2022-04-22T18:03:21.151Z] > git remote --verbose [3ms]
[2022-04-22T18:03:21.204Z] > git config --get commit.template [5ms]
[2022-04-22T18:03:26.278Z] > git symbolic-ref --short HEAD [2ms]
[2022-04-22T18:03:26.313Z] > git for-each-ref --format=%(refname)%00%(upstream:short)%00%(objectname)%00%(upstream:track) refs/heads/main refs/remotes/main [4ms]
[2022-04-22T18:03:26.380Z] > git for-each-ref --sort -committerdate --format %(refname) %(objectname) %(*objectname) [36ms]
[2022-04-22T18:03:26.380Z] > git remote --verbose [2ms]
[2022-04-22T18:03:26.440Z] > git config --get commit.template [8ms]
[2022-04-22T18:03:31.517Z] > git symbolic-ref --short HEAD [2ms]
[2022-04-22T18:03:31.552Z] > git for-each-ref --format=%(refname)%00%(upstream:short)%00%(objectname)%00%(upstream:track) refs/heads/main refs/remotes/main [3ms]
[2022-04-22T18:03:31.623Z] > git for-each-ref --sort -committerdate --format %(refname) %(objectname) %(*objectname) [40ms]
[2022-04-22T18:03:31.624Z] > git remote --verbose [3ms]
[2022-04-22T18:03:31.675Z] > git config --get commit.template [3ms]
[2022-04-22T18:03:36.747Z] > git symbolic-ref --short HEAD [2ms]
[2022-04-22T18:03:36.779Z] > git for-each-ref --format=%(refname)%00%(upstream:short)%00%(objectname)%00%(upstream:track) refs/heads/main refs/remotes/main [2ms]
[2022-04-22T18:03:36.843Z] > git for-each-ref --sort -committerdate --format %(refname) %(objectname) %(*objectname) [34ms]
[2022-04-22T18:03:36.843Z] > git remote --verbose [3ms]
[2022-04-22T18:03:36.891Z] > git config --get commit.template [3ms]
[2022-04-22T18:03:41.996Z] > git symbolic-ref --short HEAD [4ms]
[2022-04-22T18:03:42.042Z] > git for-each-ref --format=%(refname)%00%(upstream:short)%00%(objectname)%00%(upstream:track) refs/heads/main refs/remotes/main [3ms]
[2022-04-22T18:03:42.120Z] > git for-each-ref --sort -committerdate --format %(refname) %(objectname) %(*objectname) [41ms]
[2022-04-22T18:03:42.121Z] > git remote --verbose [3ms]
[2022-04-22T18:03:42.183Z] > git config --get commit.template [4ms]
[2022-04-22T18:03:47.257Z] > git symbolic-ref --short HEAD [2ms]
[2022-04-22T18:03:47.292Z] > git for-each-ref --format=%(refname)%00%(upstream:short)%00%(objectname)%00%(upstream:track) refs/heads/main refs/remotes/main [3ms]
[2022-04-22T18:03:47.359Z] > git for-each-ref --sort -committerdate --format %(refname) %(objectname) %(*objectname) [35ms]
[2022-04-22T18:03:47.359Z] > git remote --verbose [2ms]
[2022-04-22T18:03:47.410Z] > git config --get commit.template [7ms]
[2022-04-22T18:03:52.486Z] > git symbolic-ref --short HEAD [3ms]
[2022-04-22T18:03:52.519Z] > git for-each-ref --format=%(refname)%00%(upstream:short)%00%(objectname)%00%(upstream:track) refs/heads/main refs/remotes/main [2ms]
[2022-04-22T18:03:52.586Z] > git for-each-ref --sort -committerdate --format %(refname) %(objectname) %(*objectname) [34ms]
[2022-04-22T18:03:52.587Z] > git remote --verbose [3ms]
[2022-04-22T18:03:52.654Z] > git config --get commit.template [9ms]
[2022-04-22T18:03:57.729Z] > git symbolic-ref --short HEAD [2ms]
[2022-04-22T18:03:57.765Z] > git for-each-ref --format=%(refname)%00%(upstream:short)%00%(objectname)%00%(upstream:track) refs/heads/main refs/remotes/main [3ms]
[2022-04-22T18:03:57.832Z] > git for-each-ref --sort -committerdate --format %(refname) %(objectname) %(*objectname) [36ms]
[2022-04-22T18:03:57.832Z] > git remote --verbose [3ms]
[2022-04-22T18:03:57.880Z] > git config --get commit.template [4ms]
[2022-04-22T18:04:02.958Z] > git symbolic-ref --short HEAD [2ms]
[2022-04-22T18:04:02.992Z] > git for-each-ref --format=%(refname)%00%(upstream:short)%00%(objectname)%00%(upstream:track) refs/heads/main refs/remotes/main [2ms]
[2022-04-22T18:04:03.061Z] > git for-each-ref --sort -committerdate --format %(refname) %(objectname) %(*objectname) [37ms]
[2022-04-22T18:04:03.061Z] > git remote --verbose [3ms]
[2022-04-22T18:04:03.120Z] > git config --get commit.template [5ms]
[2022-04-22T18:04:08.196Z] > git symbolic-ref --short HEAD [2ms]
[2022-04-22T18:04:08.230Z] > git for-each-ref --format=%(refname)%00%(upstream:short)%00%(objectname)%00%(upstream:track) refs/heads/main refs/remotes/main [2ms]
[2022-04-22T18:04:08.297Z] > git for-each-ref --sort -committerdate --format %(refname) %(objectname) %(*objectname) [35ms]
[2022-04-22T18:04:08.297Z] > git remote --verbose [2ms]
[2022-04-22T18:04:08.350Z] > git config --get commit.template [3ms]
[2022-04-22T18:04:13.433Z] > git symbolic-ref --short HEAD [3ms]
[2022-04-22T18:04:13.472Z] > git for-each-ref --format=%(refname)%00%(upstream:short)%00%(objectname)%00%(upstream:track) refs/heads/main refs/remotes/main [2ms]
[2022-04-22T18:04:13.554Z] > git for-each-ref --sort -committerdate --format %(refname) %(objectname) %(*objectname) [44ms]
[2022-04-22T18:04:13.555Z] > git remote --verbose [3ms]
[2022-04-22T18:04:13.636Z] > git config --get commit.template [11ms]
[2022-04-22T18:04:18.734Z] > git symbolic-ref --short HEAD [3ms]
[2022-04-22T18:04:18.775Z] > git for-each-ref --format=%(refname)%00%(upstream:short)%00%(objectname)%00%(upstream:track) refs/heads/main refs/remotes/main [3ms]
[2022-04-22T18:04:18.853Z] > git for-each-ref --sort -committerdate --format %(refname) %(objectname) %(*objectname) [40ms]
[2022-04-22T18:04:18.853Z] > git remote --verbose [3ms]
[2022-04-22T18:04:18.911Z] > git config --get commit.template [5ms]
[2022-04-22T18:04:24.002Z] > git symbolic-ref --short HEAD [4ms]
[2022-04-22T18:04:24.054Z] > git for-each-ref --format=%(refname)%00%(upstream:short)%00%(objectname)%00%(upstream:track) refs/heads/main refs/remotes/main [3ms]
[2022-04-22T18:04:24.153Z] > git for-each-ref --sort -committerdate --format %(refname) %(objectname) %(*objectname) [56ms]
[2022-04-22T18:04:24.154Z] > git remote --verbose [22ms]
[2022-04-22T18:04:24.210Z] > git config --get commit.template [5ms]
[2022-04-22T18:04:29.318Z] > git symbolic-ref --short HEAD [4ms]
[2022-04-22T18:04:29.386Z] > git for-each-ref --format=%(refname)%00%(upstream:short)%00%(objectname)%00%(upstream:track) refs/heads/main refs/remotes/main [4ms]
[2022-04-22T18:04:29.485Z] > git for-each-ref --sort -committerdate --format %(refname) %(objectname) %(*objectname) [54ms]
[2022-04-22T18:04:29.485Z] > git remote --verbose [2ms]
[2022-04-22T18:04:29.570Z] > git config --get commit.template [7ms]
[2022-04-22T18:04:34.727Z] > git symbolic-ref --short HEAD [6ms]
[2022-04-22T18:04:34.806Z] > git for-each-ref --format=%(refname)%00%(upstream:short)%00%(objectname)%00%(upstream:track) refs/heads/main refs/remotes/main [6ms]
[2022-04-22T18:04:34.988Z] > git for-each-ref --sort -committerdate --format %(refname) %(objectname) %(*objectname) [96ms]
[2022-04-22T18:04:34.992Z] > git remote --verbose [7ms]
[2022-04-22T18:04:35.912Z] > git config --get commit.template [781ms]
[2022-04-22T18:04:40.993Z] > git symbolic-ref --short HEAD [2ms]
[2022-04-22T18:04:41.028Z] > git for-each-ref --format=%(refname)%00%(upstream:short)%00%(objectname)%00%(upstream:track) refs/heads/main refs/remotes/main [3ms]
[2022-04-22T18:04:41.101Z] > git for-each-ref --sort -committerdate --format %(refname) %(objectname) %(*objectname) [40ms]
[2022-04-22T18:04:41.102Z] > git remote --verbose [3ms]
[2022-04-22T18:04:41.152Z] > git config --get commit.template [4ms]
[2022-04-22T18:04:46.225Z] > git symbolic-ref --short HEAD [2ms]
[2022-04-22T18:04:46.257Z] > git for-each-ref --format=%(refname)%00%(upstream:short)%00%(objectname)%00%(upstream:track) refs/heads/main refs/remotes/main [2ms]
[2022-04-22T18:04:46.321Z] > git for-each-ref --sort -committerdate --format %(refname) %(objectname) %(*objectname) [32ms]
[2022-04-22T18:04:46.322Z] > git remote --verbose [3ms]
[2022-04-22T18:04:46.368Z] > git config --get commit.template [3ms]
[2022-04-22T18:04:51.449Z] > git symbolic-ref --short HEAD [3ms]
[2022-04-22T18:04:51.487Z] > git for-each-ref --format=%(refname)%00%(upstream:short)%00%(objectname)%00%(upstream:track) refs/heads/main refs/remotes/main [3ms]
[2022-04-22T18:04:51.558Z] > git for-each-ref --sort -committerdate --format %(refname) %(objectname) %(*objectname) [37ms]
[2022-04-22T18:04:51.559Z] > git remote --verbose [3ms]
[2022-04-22T18:04:51.622Z] > git config --get commit.template [4ms]
[2022-04-22T18:04:56.732Z] > git symbolic-ref --short HEAD [4ms]
[2022-04-22T18:04:56.785Z] > git for-each-ref --format=%(refname)%00%(upstream:short)%00%(objectname)%00%(upstream:track) refs/heads/main refs/remotes/main [4ms]
[2022-04-22T18:04:56.885Z] > git for-each-ref --sort -committerdate --format %(refname) %(objectname) %(*objectname) [53ms]
[2022-04-22T18:04:56.885Z] > git remote --verbose [3ms]
[2022-04-22T18:04:56.948Z] > git config --get commit.template [5ms]
[2022-04-22T18:05:02.020Z] > git symbolic-ref --short HEAD [2ms]
[2022-04-22T18:05:02.052Z] > git for-each-ref --format=%(refname)%00%(upstream:short)%00%(objectname)%00%(upstream:track) refs/heads/main refs/remotes/main [2ms]
[2022-04-22T18:05:02.115Z] > git for-each-ref --sort -committerdate --format %(refname) %(objectname) %(*objectname) [33ms]
[2022-04-22T18:05:02.115Z] > git remote --verbose [2ms]
[2022-04-22T18:05:02.164Z] > git config --get commit.template [3ms]
[2022-04-22T18:05:07.241Z] > git symbolic-ref --short HEAD [2ms]
[2022-04-22T18:05:07.278Z] > git for-each-ref --format=%(refname)%00%(upstream:short)%00%(objectname)%00%(upstream:track) refs/heads/main refs/remotes/main [3ms]
[2022-04-22T18:05:07.348Z] > git for-each-ref --sort -committerdate --format %(refname) %(objectname) %(*objectname) [35ms]
[2022-04-22T18:05:07.349Z] > git remote --verbose [3ms]
[2022-04-22T18:05:07.403Z] > git config --get commit.template [7ms]
[2022-04-22T18:05:12.494Z] > git symbolic-ref --short HEAD [4ms]
[2022-04-22T18:05:12.533Z] > git for-each-ref --format=%(refname)%00%(upstream:short)%00%(objectname)%00%(upstream:track) refs/heads/main refs/remotes/main [3ms]
[2022-04-22T18:05:12.596Z] > git for-each-ref --sort -committerdate --format %(refname) %(objectname) %(*objectname) [33ms]
[2022-04-22T18:05:12.597Z] > git remote --verbose [3ms]
[2022-04-22T18:05:12.641Z] > git config --get commit.template [4ms]
[2022-04-22T18:05:17.716Z] > git symbolic-ref --short HEAD [2ms]
[2022-04-22T18:05:17.750Z] > git for-each-ref --format=%(refname)%00%(upstream:short)%00%(objectname)%00%(upstream:track) refs/heads/main refs/remotes/main [3ms]
[2022-04-22T18:05:17.822Z] > git for-each-ref --sort -committerdate --format %(refname) %(objectname) %(*objectname) [39ms]
[2022-04-22T18:05:17.823Z] > git remote --verbose [3ms]
[2022-04-22T18:05:17.876Z] > git config --get commit.template [4ms]
[2022-04-22T18:05:22.948Z] > git symbolic-ref --short HEAD [2ms]
[2022-04-22T18:05:22.980Z] > git for-each-ref --format=%(refname)%00%(upstream:short)%00%(objectname)%00%(upstream:track) refs/heads/main refs/remotes/main [2ms]
[2022-04-22T18:05:23.044Z] > git for-each-ref --sort -committerdate --format %(refname) %(objectname) %(*objectname) [33ms]
[2022-04-22T18:05:23.045Z] > git remote --verbose [3ms]
[2022-04-22T18:05:23.093Z] > git config --get commit.template [5ms]
[2022-04-22T18:05:28.164Z] > git symbolic-ref --short HEAD [2ms]
[2022-04-22T18:05:28.219Z] > git for-each-ref --format=%(refname)%00%(upstream:short)%00%(objectname)%00%(upstream:track) refs/heads/main refs/remotes/main [6ms]
[2022-04-22T18:05:28.326Z] > git for-each-ref --sort -committerdate --format %(refname) %(objectname) %(*objectname) [56ms]
[2022-04-22T18:05:28.334Z] > git remote --verbose [11ms]
[2022-04-22T18:05:28.416Z] > git config --get commit.template [10ms]
[2022-04-22T18:05:33.490Z] > git symbolic-ref --short HEAD [3ms]
[2022-04-22T18:05:33.524Z] > git for-each-ref --format=%(refname)%00%(upstream:short)%00%(objectname)%00%(upstream:track) refs/heads/main refs/remotes/main [3ms]
[2022-04-22T18:05:33.589Z] > git for-each-ref --sort -committerdate --format %(refname) %(objectname) %(*objectname) [35ms]
[2022-04-22T18:05:33.590Z] > git remote --verbose [3ms]
[2022-04-22T18:05:33.641Z] > git config --get commit.template [6ms]
[2022-04-22T18:05:38.713Z] > git symbolic-ref --short HEAD [2ms]
[2022-04-22T18:05:38.750Z] > git for-each-ref --format=%(refname)%00%(upstream:short)%00%(objectname)%00%(upstream:track) refs/heads/main refs/remotes/main [4ms]
[2022-04-22T18:05:38.817Z] > git for-each-ref --sort -committerdate --format %(refname) %(objectname) %(*objectname) [33ms]
[2022-04-22T18:05:38.818Z] > git remote --verbose [2ms]
[2022-04-22T18:05:38.863Z] > git config --get commit.template [4ms]
[2022-04-22T18:05:43.948Z] > git symbolic-ref --short HEAD [4ms]
[2022-04-22T18:05:43.999Z] > git for-each-ref --format=%(refname)%00%(upstream:short)%00%(objectname)%00%(upstream:track) refs/heads/main refs/remotes/main [5ms]
[2022-04-22T18:05:44.068Z] > git for-each-ref --sort -committerdate --format %(refname) %(objectname) %(*objectname) [33ms]
[2022-04-22T18:05:44.080Z] > git remote --verbose [14ms]
[2022-04-22T18:05:44.140Z] > git config --get commit.template [3ms]
[2022-04-22T18:05:49.227Z] > git symbolic-ref --short HEAD [3ms]
[2022-04-22T18:05:49.267Z] > git for-each-ref --format=%(refname)%00%(upstream:short)%00%(objectname)%00%(upstream:track) refs/heads/main refs/remotes/main [3ms]
[2022-04-22T18:05:49.345Z] > git for-each-ref --sort -committerdate --format %(refname) %(objectname) %(*objectname) [41ms]
[2022-04-22T18:05:49.346Z] > git remote --verbose [3ms]
[2022-04-22T18:05:49.412Z] > git config --get commit.template [9ms]
[2022-04-22T18:05:54.509Z] > git symbolic-ref --short HEAD [3ms]
[2022-04-22T18:05:54.570Z] > git for-each-ref --format=%(refname)%00%(upstream:short)%00%(objectname)%00%(upstream:track) refs/heads/main refs/remotes/main [8ms]
[2022-04-22T18:05:54.681Z] > git for-each-ref --sort -committerdate --format %(refname) %(objectname) %(*objectname) [46ms]
[2022-04-22T18:05:54.681Z] > git remote --verbose [3ms]
[2022-04-22T18:05:54.770Z] > git config --get commit.template [13ms]
[2022-04-22T18:05:59.927Z] > git symbolic-ref --short HEAD [3ms]
[2022-04-22T18:05:59.979Z] > git for-each-ref --format=%(refname)%00%(upstream:short)%00%(objectname)%00%(upstream:track) refs/heads/main refs/remotes/main [4ms]
[2022-04-22T18:06:00.076Z] > git for-each-ref --sort -committerdate --format %(refname) %(objectname) %(*objectname) [40ms]
[2022-04-22T18:06:00.077Z] > git remote --verbose [3ms]
[2022-04-22T18:06:00.130Z] > git config --get commit.template [4ms]
[2022-04-22T18:06:05.203Z] > git symbolic-ref --short HEAD [2ms]
[2022-04-22T18:06:05.236Z] > git for-each-ref --format=%(refname)%00%(upstream:short)%00%(objectname)%00%(upstream:track) refs/heads/main refs/remotes/main [2ms]
[2022-04-22T18:06:05.304Z] > git for-each-ref --sort -committerdate --format %(refname) %(objectname) %(*objectname) [38ms]
[2022-04-22T18:06:05.305Z] > git remote --verbose [3ms]
[2022-04-22T18:06:05.355Z] > git config --get commit.template [4ms]
[2022-04-22T18:06:10.439Z] > git symbolic-ref --short HEAD [2ms]
[2022-04-22T18:06:10.476Z] > git for-each-ref --format=%(refname)%00%(upstream:short)%00%(objectname)%00%(upstream:track) refs/heads/main refs/remotes/main [4ms]
[2022-04-22T18:06:10.557Z] > git for-each-ref --sort -committerdate --format %(refname) %(objectname) %(*objectname) [41ms]
[2022-04-22T18:06:10.558Z] > git remote --verbose [3ms]
[2022-04-22T18:06:10.616Z] > git config --get commit.template [7ms]
[2022-04-22T18:06:15.692Z] > git symbolic-ref --short HEAD [2ms]
[2022-04-22T18:06:15.732Z] > git for-each-ref --format=%(refname)%00%(upstream:short)%00%(objectname)%00%(upstream:track) refs/heads/main refs/remotes/main [4ms]
[2022-04-22T18:06:15.812Z] > git for-each-ref --sort -committerdate --format %(refname) %(objectname) %(*objectname) [39ms]
[2022-04-22T18:06:15.813Z] > git remote --verbose [4ms]
[2022-04-22T18:06:15.867Z] > git config --get commit.template [6ms]
[2022-04-22T18:06:21.061Z] > git symbolic-ref --short HEAD [3ms]
[2022-04-22T18:06:21.120Z] > git for-each-ref --format=%(refname)%00%(upstream:short)%00%(objectname)%00%(upstream:track) refs/heads/main refs/remotes/main [1ms]
[2022-04-22T18:06:21.275Z] > git for-each-ref --sort -committerdate --format %(refname) %(objectname) %(*objectname) [79ms]
[2022-04-22T18:06:21.276Z] > git remote --verbose [6ms]
[2022-04-22T18:06:22.187Z] > git config --get commit.template [800ms]
[2022-04-22T18:06:27.258Z] > git symbolic-ref --short HEAD [2ms]
[2022-04-22T18:06:27.290Z] > git for-each-ref --format=%(refname)%00%(upstream:short)%00%(objectname)%00%(upstream:track) refs/heads/main refs/remotes/main [2ms]
[2022-04-22T18:06:27.352Z] > git for-each-ref --sort -committerdate --format %(refname) %(objectname) %(*objectname) [32ms]
[2022-04-22T18:06:27.353Z] > git remote --verbose [3ms]
[2022-04-22T18:06:27.414Z] > git config --get commit.template [4ms]
