["INFO" - 11:14:03 pm] Extension Name: esbenp.prettier-vscode.
["INFO" - 11:14:03 pm] Extension Version: 9.5.0.
["INFO" - 6:55:21 pm] Formatting file:///home/dendolium/repos/Conglomerate/src/Components/PredictionMarket/index.js
["INFO" - 6:55:21 pm] Using ignore file (if present) at /home/dendolium/repos/Conglomerate/.prettierignore
["INFO" - 6:55:21 pm] File Info:
{
  "ignored": false,
  "inferredParser": "babel"
}
["INFO" - 6:55:21 pm] No local configuration (i.e. .prettierrc or .editorconfig) detected, falling back to VS Code configuration
["INFO" - 6:55:21 pm] Prettier Options:
{
  "arrowParens": "always",
  "bracketSpacing": true,
  "endOfLine": "lf",
  "htmlWhitespaceSensitivity": "css",
  "insertPragma": false,
  "jsxBracketSameLine": false,
  "jsxSingleQuote": false,
  "printWidth": 80,
  "proseWrap": "preserve",
  "quoteProps": "as-needed",
  "requirePragma": false,
  "semi": true,
  "singleQuote": false,
  "tabWidth": 2,
  "trailingComma": "es5",
  "useTabs": false,
  "vueIndentScriptAndStyle": false,
  "filepath": "/home/dendolium/repos/Conglomerate/src/Components/PredictionMarket/index.js",
  "parser": "babel"
}
["INFO" - 6:55:21 pm] Formatting completed in 0.285ms.
["INFO" - 6:59:44 pm] Formatting file:///home/dendolium/repos/Conglomerate/src/state/PredictionMarket/actions/fetchUserHistory.js
["INFO" - 6:59:44 pm] Using ignore file (if present) at /home/dendolium/repos/Conglomerate/.prettierignore
["INFO" - 6:59:44 pm] File Info:
{
  "ignored": false,
  "inferredParser": "babel"
}
["INFO" - 6:59:44 pm] No local configuration (i.e. .prettierrc or .editorconfig) detected, falling back to VS Code configuration
["INFO" - 6:59:44 pm] Prettier Options:
{
  "arrowParens": "always",
  "bracketSpacing": true,
  "endOfLine": "lf",
  "htmlWhitespaceSensitivity": "css",
  "insertPragma": false,
  "jsxBracketSameLine": false,
  "jsxSingleQuote": false,
  "printWidth": 80,
  "proseWrap": "preserve",
  "quoteProps": "as-needed",
  "requirePragma": false,
  "semi": true,
  "singleQuote": false,
  "tabWidth": 2,
  "trailingComma": "es5",
  "useTabs": false,
  "vueIndentScriptAndStyle": false,
  "filepath": "/home/dendolium/repos/Conglomerate/src/state/PredictionMarket/actions/fetchUserHistory.js",
  "parser": "babel"
}
["INFO" - 6:59:44 pm] Formatting completed in 0.109ms.
["INFO" - 6:59:59 pm] Formatting file:///home/dendolium/repos/Conglomerate/src/state/PredictionMarket/actions/fetchUserHistory.js
["INFO" - 6:59:59 pm] Using ignore file (if present) at /home/dendolium/repos/Conglomerate/.prettierignore
["INFO" - 6:59:59 pm] File Info:
{
  "ignored": false,
  "inferredParser": "babel"
}
["INFO" - 6:59:59 pm] No local configuration (i.e. .prettierrc or .editorconfig) detected, falling back to VS Code configuration
["INFO" - 6:59:59 pm] Prettier Options:
{
  "arrowParens": "always",
  "bracketSpacing": true,
  "endOfLine": "lf",
  "htmlWhitespaceSensitivity": "css",
  "insertPragma": false,
  "jsxBracketSameLine": false,
  "jsxSingleQuote": false,
  "printWidth": 80,
  "proseWrap": "preserve",
  "quoteProps": "as-needed",
  "requirePragma": false,
  "semi": true,
  "singleQuote": false,
  "tabWidth": 2,
  "trailingComma": "es5",
  "useTabs": false,
  "vueIndentScriptAndStyle": false,
  "filepath": "/home/dendolium/repos/Conglomerate/src/state/PredictionMarket/actions/fetchUserHistory.js",
  "parser": "babel"
}
["INFO" - 6:59:59 pm] Formatting completed in 0.04ms.
["INFO" - 7:51:19 pm] Formatting file:///home/dendolium/repos/Conglomerate/src/state/store.js
["INFO" - 7:51:19 pm] Using ignore file (if present) at /home/dendolium/repos/Conglomerate/.prettierignore
["INFO" - 7:51:19 pm] File Info:
{
  "ignored": false,
  "inferredParser": "babel"
}
["INFO" - 7:51:19 pm] No local configuration (i.e. .prettierrc or .editorconfig) detected, falling back to VS Code configuration
["INFO" - 7:51:19 pm] Prettier Options:
{
  "arrowParens": "always",
  "bracketSpacing": true,
  "endOfLine": "lf",
  "htmlWhitespaceSensitivity": "css",
  "insertPragma": false,
  "jsxBracketSameLine": false,
  "jsxSingleQuote": false,
  "printWidth": 80,
  "proseWrap": "preserve",
  "quoteProps": "as-needed",
  "requirePragma": false,
  "semi": true,
  "singleQuote": false,
  "tabWidth": 2,
  "trailingComma": "es5",
  "useTabs": false,
  "vueIndentScriptAndStyle": false,
  "filepath": "/home/dendolium/repos/Conglomerate/src/state/store.js",
  "parser": "babel"
}
["INFO" - 7:51:19 pm] Formatting completed in 0.059ms.
["INFO" - 7:51:34 pm] Formatting file:///home/dendolium/repos/Conglomerate/src/state/PredictionMarket/reducers/index.js
["INFO" - 7:51:34 pm] Using ignore file (if present) at /home/dendolium/repos/Conglomerate/.prettierignore
["INFO" - 7:51:34 pm] File Info:
{
  "ignored": false,
  "inferredParser": "babel"
}
["INFO" - 7:51:34 pm] No local configuration (i.e. .prettierrc or .editorconfig) detected, falling back to VS Code configuration
["INFO" - 7:51:34 pm] Prettier Options:
{
  "arrowParens": "always",
  "bracketSpacing": true,
  "endOfLine": "lf",
  "htmlWhitespaceSensitivity": "css",
  "insertPragma": false,
  "jsxBracketSameLine": false,
  "jsxSingleQuote": false,
  "printWidth": 80,
  "proseWrap": "preserve",
  "quoteProps": "as-needed",
  "requirePragma": false,
  "semi": true,
  "singleQuote": false,
  "tabWidth": 2,
  "trailingComma": "es5",
  "useTabs": false,
  "vueIndentScriptAndStyle": false,
  "filepath": "/home/dendolium/repos/Conglomerate/src/state/PredictionMarket/reducers/index.js",
  "parser": "babel"
}
["INFO" - 7:51:34 pm] Formatting completed in 0.037ms.
["INFO" - 7:51:59 pm] Formatting file:///home/dendolium/repos/Conglomerate/src/Components/PredictionMarket/UserHistory/UserHistory.js
["INFO" - 7:51:59 pm] Using ignore file (if present) at /home/dendolium/repos/Conglomerate/.prettierignore
["INFO" - 7:51:59 pm] File Info:
{
  "ignored": false,
  "inferredParser": "babel"
}
["INFO" - 7:51:59 pm] No local configuration (i.e. .prettierrc or .editorconfig) detected, falling back to VS Code configuration
["INFO" - 7:51:59 pm] Prettier Options:
{
  "arrowParens": "always",
  "bracketSpacing": true,
  "endOfLine": "lf",
  "htmlWhitespaceSensitivity": "css",
  "insertPragma": false,
  "jsxBracketSameLine": false,
  "jsxSingleQuote": false,
  "printWidth": 80,
  "proseWrap": "preserve",
  "quoteProps": "as-needed",
  "requirePragma": false,
  "semi": true,
  "singleQuote": false,
  "tabWidth": 2,
  "trailingComma": "es5",
  "useTabs": false,
  "vueIndentScriptAndStyle": false,
  "filepath": "/home/dendolium/repos/Conglomerate/src/Components/PredictionMarket/UserHistory/UserHistory.js",
  "parser": "babel"
}
["INFO" - 7:51:59 pm] Formatting completed in 0.057ms.
["INFO" - 7:52:15 pm] Formatting file:///home/dendolium/repos/Conglomerate/src/Components/PredictionMarket/MakeABet/MakeABet.js
["INFO" - 7:52:15 pm] Using ignore file (if present) at /home/dendolium/repos/Conglomerate/.prettierignore
["INFO" - 7:52:15 pm] File Info:
{
  "ignored": false,
  "inferredParser": "babel"
}
["INFO" - 7:52:15 pm] No local configuration (i.e. .prettierrc or .editorconfig) detected, falling back to VS Code configuration
["INFO" - 7:52:15 pm] Prettier Options:
{
  "arrowParens": "always",
  "bracketSpacing": true,
  "endOfLine": "lf",
  "htmlWhitespaceSensitivity": "css",
  "insertPragma": false,
  "jsxBracketSameLine": false,
  "jsxSingleQuote": false,
  "printWidth": 80,
  "proseWrap": "preserve",
  "quoteProps": "as-needed",
  "requirePragma": false,
  "semi": true,
  "singleQuote": false,
  "tabWidth": 2,
  "trailingComma": "es5",
  "useTabs": false,
  "vueIndentScriptAndStyle": false,
  "filepath": "/home/dendolium/repos/Conglomerate/src/Components/PredictionMarket/MakeABet/MakeABet.js",
  "parser": "babel"
}
["INFO" - 7:52:16 pm] Formatting completed in 0.075ms.
["INFO" - 7:54:28 pm] Formatting file:///home/dendolium/repos/Conglomerate/src/state/PredictionMarket/actions/makeABet.js
["INFO" - 7:54:28 pm] Using ignore file (if present) at /home/dendolium/repos/Conglomerate/.prettierignore
["INFO" - 7:54:28 pm] File Info:
{
  "ignored": false,
  "inferredParser": "babel"
}
["INFO" - 7:54:28 pm] No local configuration (i.e. .prettierrc or .editorconfig) detected, falling back to VS Code configuration
["INFO" - 7:54:28 pm] Prettier Options:
{
  "arrowParens": "always",
  "bracketSpacing": true,
  "endOfLine": "lf",
  "htmlWhitespaceSensitivity": "css",
  "insertPragma": false,
  "jsxBracketSameLine": false,
  "jsxSingleQuote": false,
  "printWidth": 80,
  "proseWrap": "preserve",
  "quoteProps": "as-needed",
  "requirePragma": false,
  "semi": true,
  "singleQuote": false,
  "tabWidth": 2,
  "trailingComma": "es5",
  "useTabs": false,
  "vueIndentScriptAndStyle": false,
  "filepath": "/home/dendolium/repos/Conglomerate/src/state/PredictionMarket/actions/makeABet.js",
  "parser": "babel"
}
["INFO" - 7:54:28 pm] Formatting completed in 0.034ms.
["INFO" - 7:54:56 pm] Formatting file:///home/dendolium/repos/Conglomerate/src/state/PredictionMarket/reducers/index.js
["INFO" - 7:54:56 pm] Using ignore file (if present) at /home/dendolium/repos/Conglomerate/.prettierignore
["INFO" - 7:54:56 pm] File Info:
{
  "ignored": false,
  "inferredParser": "babel"
}
["INFO" - 7:54:56 pm] No local configuration (i.e. .prettierrc or .editorconfig) detected, falling back to VS Code configuration
["INFO" - 7:54:56 pm] Prettier Options:
{
  "arrowParens": "always",
  "bracketSpacing": true,
  "endOfLine": "lf",
  "htmlWhitespaceSensitivity": "css",
  "insertPragma": false,
  "jsxBracketSameLine": false,
  "jsxSingleQuote": false,
  "printWidth": 80,
  "proseWrap": "preserve",
  "quoteProps": "as-needed",
  "requirePragma": false,
  "semi": true,
  "singleQuote": false,
  "tabWidth": 2,
  "trailingComma": "es5",
  "useTabs": false,
  "vueIndentScriptAndStyle": false,
  "filepath": "/home/dendolium/repos/Conglomerate/src/state/PredictionMarket/reducers/index.js",
  "parser": "babel"
}
["INFO" - 7:54:56 pm] Formatting completed in 0.046ms.
["INFO" - 7:55:27 pm] Formatting file:///home/dendolium/repos/Conglomerate/src/state/PredictionMarket/reducers/index.js
["INFO" - 7:55:27 pm] Using ignore file (if present) at /home/dendolium/repos/Conglomerate/.prettierignore
["INFO" - 7:55:27 pm] File Info:
{
  "ignored": false,
  "inferredParser": "babel"
}
["INFO" - 7:55:27 pm] No local configuration (i.e. .prettierrc or .editorconfig) detected, falling back to VS Code configuration
["INFO" - 7:55:27 pm] Prettier Options:
{
  "arrowParens": "always",
  "bracketSpacing": true,
  "endOfLine": "lf",
  "htmlWhitespaceSensitivity": "css",
  "insertPragma": false,
  "jsxBracketSameLine": false,
  "jsxSingleQuote": false,
  "printWidth": 80,
  "proseWrap": "preserve",
  "quoteProps": "as-needed",
  "requirePragma": false,
  "semi": true,
  "singleQuote": false,
  "tabWidth": 2,
  "trailingComma": "es5",
  "useTabs": false,
  "vueIndentScriptAndStyle": false,
  "filepath": "/home/dendolium/repos/Conglomerate/src/state/PredictionMarket/reducers/index.js",
  "parser": "babel"
}
["INFO" - 7:55:27 pm] Formatting completed in 0.095ms.
["INFO" - 7:56:20 pm] Formatting file:///home/dendolium/repos/Conglomerate/src/state/PredictionMarket/actions/makeABet.js
["INFO" - 7:56:20 pm] Using ignore file (if present) at /home/dendolium/repos/Conglomerate/.prettierignore
["INFO" - 7:56:20 pm] File Info:
{
  "ignored": false,
  "inferredParser": "babel"
}
["INFO" - 7:56:20 pm] No local configuration (i.e. .prettierrc or .editorconfig) detected, falling back to VS Code configuration
["INFO" - 7:56:20 pm] Prettier Options:
{
  "arrowParens": "always",
  "bracketSpacing": true,
  "endOfLine": "lf",
  "htmlWhitespaceSensitivity": "css",
  "insertPragma": false,
  "jsxBracketSameLine": false,
  "jsxSingleQuote": false,
  "printWidth": 80,
  "proseWrap": "preserve",
  "quoteProps": "as-needed",
  "requirePragma": false,
  "semi": true,
  "singleQuote": false,
  "tabWidth": 2,
  "trailingComma": "es5",
  "useTabs": false,
  "vueIndentScriptAndStyle": false,
  "filepath": "/home/dendolium/repos/Conglomerate/src/state/PredictionMarket/actions/makeABet.js",
  "parser": "babel"
}
["INFO" - 7:56:20 pm] Formatting completed in 0.031ms.
["INFO" - 7:56:49 pm] Formatting file:///home/dendolium/repos/Conglomerate/src/state/PredictionMarket/actions/makeABet.js
["INFO" - 7:56:49 pm] Using ignore file (if present) at /home/dendolium/repos/Conglomerate/.prettierignore
["INFO" - 7:56:49 pm] File Info:
{
  "ignored": false,
  "inferredParser": "babel"
}
["INFO" - 7:56:49 pm] No local configuration (i.e. .prettierrc or .editorconfig) detected, falling back to VS Code configuration
["INFO" - 7:56:49 pm] Prettier Options:
{
  "arrowParens": "always",
  "bracketSpacing": true,
  "endOfLine": "lf",
  "htmlWhitespaceSensitivity": "css",
  "insertPragma": false,
  "jsxBracketSameLine": false,
  "jsxSingleQuote": false,
  "printWidth": 80,
  "proseWrap": "preserve",
  "quoteProps": "as-needed",
  "requirePragma": false,
  "semi": true,
  "singleQuote": false,
  "tabWidth": 2,
  "trailingComma": "es5",
  "useTabs": false,
  "vueIndentScriptAndStyle": false,
  "filepath": "/home/dendolium/repos/Conglomerate/src/state/PredictionMarket/actions/makeABet.js",
  "parser": "babel"
}
["INFO" - 7:56:49 pm] Formatting completed in 0.025ms.
["INFO" - 7:56:51 pm] Formatting file:///home/dendolium/repos/Conglomerate/src/state/PredictionMarket/actions/makeABet.js
["INFO" - 7:56:51 pm] Using ignore file (if present) at /home/dendolium/repos/Conglomerate/.prettierignore
["INFO" - 7:56:51 pm] File Info:
{
  "ignored": false,
  "inferredParser": "babel"
}
["INFO" - 7:56:51 pm] No local configuration (i.e. .prettierrc or .editorconfig) detected, falling back to VS Code configuration
["INFO" - 7:56:51 pm] Prettier Options:
{
  "arrowParens": "always",
  "bracketSpacing": true,
  "endOfLine": "lf",
  "htmlWhitespaceSensitivity": "css",
  "insertPragma": false,
  "jsxBracketSameLine": false,
  "jsxSingleQuote": false,
  "printWidth": 80,
  "proseWrap": "preserve",
  "quoteProps": "as-needed",
  "requirePragma": false,
  "semi": true,
  "singleQuote": false,
  "tabWidth": 2,
  "trailingComma": "es5",
  "useTabs": false,
  "vueIndentScriptAndStyle": false,
  "filepath": "/home/dendolium/repos/Conglomerate/src/state/PredictionMarket/actions/makeABet.js",
  "parser": "babel"
}
["INFO" - 7:56:51 pm] Formatting completed in 0.039ms.
["INFO" - 8:01:35 pm] Formatting file:///home/dendolium/repos/Conglomerate/src/state/PredictionMarket/actions/fetchUserHistory.js
["INFO" - 8:01:35 pm] Using ignore file (if present) at /home/dendolium/repos/Conglomerate/.prettierignore
["INFO" - 8:01:35 pm] File Info:
{
  "ignored": false,
  "inferredParser": "babel"
}
["INFO" - 8:01:35 pm] No local configuration (i.e. .prettierrc or .editorconfig) detected, falling back to VS Code configuration
["INFO" - 8:01:35 pm] Prettier Options:
{
  "arrowParens": "always",
  "bracketSpacing": true,
  "endOfLine": "lf",
  "htmlWhitespaceSensitivity": "css",
  "insertPragma": false,
  "jsxBracketSameLine": false,
  "jsxSingleQuote": false,
  "printWidth": 80,
  "proseWrap": "preserve",
  "quoteProps": "as-needed",
  "requirePragma": false,
  "semi": true,
  "singleQuote": false,
  "tabWidth": 2,
  "trailingComma": "es5",
  "useTabs": false,
  "vueIndentScriptAndStyle": false,
  "filepath": "/home/dendolium/repos/Conglomerate/src/state/PredictionMarket/actions/fetchUserHistory.js",
  "parser": "babel"
}
["INFO" - 8:01:35 pm] Formatting completed in 0.084ms.
["INFO" - 8:03:19 pm] Formatting file:///home/dendolium/repos/Conglomerate/src/Components/PredictionMarket/MakeABet/MakeABet.js
["INFO" - 8:03:19 pm] Using ignore file (if present) at /home/dendolium/repos/Conglomerate/.prettierignore
["INFO" - 8:03:19 pm] File Info:
{
  "ignored": false,
  "inferredParser": "babel"
}
["INFO" - 8:03:19 pm] No local configuration (i.e. .prettierrc or .editorconfig) detected, falling back to VS Code configuration
["INFO" - 8:03:19 pm] Prettier Options:
{
  "arrowParens": "always",
  "bracketSpacing": true,
  "endOfLine": "lf",
  "htmlWhitespaceSensitivity": "css",
  "insertPragma": false,
  "jsxBracketSameLine": false,
  "jsxSingleQuote": false,
  "printWidth": 80,
  "proseWrap": "preserve",
  "quoteProps": "as-needed",
  "requirePragma": false,
  "semi": true,
  "singleQuote": false,
  "tabWidth": 2,
  "trailingComma": "es5",
  "useTabs": false,
  "vueIndentScriptAndStyle": false,
  "filepath": "/home/dendolium/repos/Conglomerate/src/Components/PredictionMarket/MakeABet/MakeABet.js",
  "parser": "babel"
}
["INFO" - 8:03:19 pm] Formatting completed in 0.032ms.
["INFO" - 8:05:29 pm] Formatting file:///home/dendolium/repos/Conglomerate/src/state/PredictionMarket/actions/makeABet.js
["INFO" - 8:05:29 pm] Using ignore file (if present) at /home/dendolium/repos/Conglomerate/.prettierignore
["INFO" - 8:05:29 pm] File Info:
{
  "ignored": false,
  "inferredParser": "babel"
}
["INFO" - 8:05:29 pm] No local configuration (i.e. .prettierrc or .editorconfig) detected, falling back to VS Code configuration
["INFO" - 8:05:29 pm] Prettier Options:
{
  "arrowParens": "always",
  "bracketSpacing": true,
  "endOfLine": "lf",
  "htmlWhitespaceSensitivity": "css",
  "insertPragma": false,
  "jsxBracketSameLine": false,
  "jsxSingleQuote": false,
  "printWidth": 80,
  "proseWrap": "preserve",
  "quoteProps": "as-needed",
  "requirePragma": false,
  "semi": true,
  "singleQuote": false,
  "tabWidth": 2,
  "trailingComma": "es5",
  "useTabs": false,
  "vueIndentScriptAndStyle": false,
  "filepath": "/home/dendolium/repos/Conglomerate/src/state/PredictionMarket/actions/makeABet.js",
  "parser": "babel"
}
["INFO" - 8:05:29 pm] Formatting completed in 0.046ms.
["INFO" - 8:09:11 pm] Formatting file:///home/dendolium/repos/Conglomerate/src/Components/PredictionMarket/MakeABet/MakeABet.js
["INFO" - 8:09:11 pm] Using ignore file (if present) at /home/dendolium/repos/Conglomerate/.prettierignore
["INFO" - 8:09:11 pm] File Info:
{
  "ignored": false,
  "inferredParser": "babel"
}
["INFO" - 8:09:11 pm] No local configuration (i.e. .prettierrc or .editorconfig) detected, falling back to VS Code configuration
["INFO" - 8:09:11 pm] Prettier Options:
{
  "arrowParens": "always",
  "bracketSpacing": true,
  "endOfLine": "lf",
  "htmlWhitespaceSensitivity": "css",
  "insertPragma": false,
  "jsxBracketSameLine": false,
  "jsxSingleQuote": false,
  "printWidth": 80,
  "proseWrap": "preserve",
  "quoteProps": "as-needed",
  "requirePragma": false,
  "semi": true,
  "singleQuote": false,
  "tabWidth": 2,
  "trailingComma": "es5",
  "useTabs": false,
  "vueIndentScriptAndStyle": false,
  "filepath": "/home/dendolium/repos/Conglomerate/src/Components/PredictionMarket/MakeABet/MakeABet.js",
  "parser": "babel"
}
["INFO" - 8:09:11 pm] Formatting completed in 0.097ms.
["INFO" - 8:09:26 pm] Formatting file:///home/dendolium/repos/Conglomerate/src/Components/PredictionMarket/MakeABet/MakeABet.js
["INFO" - 8:09:26 pm] Using ignore file (if present) at /home/dendolium/repos/Conglomerate/.prettierignore
["INFO" - 8:09:26 pm] File Info:
{
  "ignored": false,
  "inferredParser": "babel"
}
["INFO" - 8:09:26 pm] No local configuration (i.e. .prettierrc or .editorconfig) detected, falling back to VS Code configuration
["INFO" - 8:09:26 pm] Prettier Options:
{
  "arrowParens": "always",
  "bracketSpacing": true,
  "endOfLine": "lf",
  "htmlWhitespaceSensitivity": "css",
  "insertPragma": false,
  "jsxBracketSameLine": false,
  "jsxSingleQuote": false,
  "printWidth": 80,
  "proseWrap": "preserve",
  "quoteProps": "as-needed",
  "requirePragma": false,
  "semi": true,
  "singleQuote": false,
  "tabWidth": 2,
  "trailingComma": "es5",
  "useTabs": false,
  "vueIndentScriptAndStyle": false,
  "filepath": "/home/dendolium/repos/Conglomerate/src/Components/PredictionMarket/MakeABet/MakeABet.js",
  "parser": "babel"
}
["INFO" - 8:09:26 pm] Formatting completed in 0.034ms.
["INFO" - 8:09:51 pm] Formatting file:///home/dendolium/repos/Conglomerate/src/Components/PredictionMarket/MakeABet/MakeABet.js
["INFO" - 8:09:51 pm] Using ignore file (if present) at /home/dendolium/repos/Conglomerate/.prettierignore
["INFO" - 8:09:51 pm] File Info:
{
  "ignored": false,
  "inferredParser": "babel"
}
["INFO" - 8:09:51 pm] No local configuration (i.e. .prettierrc or .editorconfig) detected, falling back to VS Code configuration
["INFO" - 8:09:51 pm] Prettier Options:
{
  "arrowParens": "always",
  "bracketSpacing": true,
  "endOfLine": "lf",
  "htmlWhitespaceSensitivity": "css",
  "insertPragma": false,
  "jsxBracketSameLine": false,
  "jsxSingleQuote": false,
  "printWidth": 80,
  "proseWrap": "preserve",
  "quoteProps": "as-needed",
  "requirePragma": false,
  "semi": true,
  "singleQuote": false,
  "tabWidth": 2,
  "trailingComma": "es5",
  "useTabs": false,
  "vueIndentScriptAndStyle": false,
  "filepath": "/home/dendolium/repos/Conglomerate/src/Components/PredictionMarket/MakeABet/MakeABet.js",
  "parser": "babel"
}
["INFO" - 8:09:52 pm] Formatting completed in 0.041ms.
["INFO" - 8:10:18 pm] Formatting file:///home/dendolium/repos/Conglomerate/src/state/PredictionMarket/actions/makeABet.js
["INFO" - 8:10:18 pm] Using ignore file (if present) at /home/dendolium/repos/Conglomerate/.prettierignore
["INFO" - 8:10:18 pm] File Info:
{
  "ignored": false,
  "inferredParser": "babel"
}
["INFO" - 8:10:18 pm] No local configuration (i.e. .prettierrc or .editorconfig) detected, falling back to VS Code configuration
["INFO" - 8:10:18 pm] Prettier Options:
{
  "arrowParens": "always",
  "bracketSpacing": true,
  "endOfLine": "lf",
  "htmlWhitespaceSensitivity": "css",
  "insertPragma": false,
  "jsxBracketSameLine": false,
  "jsxSingleQuote": false,
  "printWidth": 80,
  "proseWrap": "preserve",
  "quoteProps": "as-needed",
  "requirePragma": false,
  "semi": true,
  "singleQuote": false,
  "tabWidth": 2,
  "trailingComma": "es5",
  "useTabs": false,
  "vueIndentScriptAndStyle": false,
  "filepath": "/home/dendolium/repos/Conglomerate/src/state/PredictionMarket/actions/makeABet.js",
  "parser": "babel"
}
["INFO" - 8:10:18 pm] Formatting completed in 0.081ms.
["INFO" - 8:10:24 pm] Formatting file:///home/dendolium/repos/Conglomerate/src/Components/PredictionMarket/MakeABet/MakeABet.js
["INFO" - 8:10:25 pm] Using ignore file (if present) at /home/dendolium/repos/Conglomerate/.prettierignore
["INFO" - 8:10:25 pm] File Info:
{
  "ignored": false,
  "inferredParser": "babel"
}
["INFO" - 8:10:25 pm] No local configuration (i.e. .prettierrc or .editorconfig) detected, falling back to VS Code configuration
["INFO" - 8:10:25 pm] Prettier Options:
{
  "arrowParens": "always",
  "bracketSpacing": true,
  "endOfLine": "lf",
  "htmlWhitespaceSensitivity": "css",
  "insertPragma": false,
  "jsxBracketSameLine": false,
  "jsxSingleQuote": false,
  "printWidth": 80,
  "proseWrap": "preserve",
  "quoteProps": "as-needed",
  "requirePragma": false,
  "semi": true,
  "singleQuote": false,
  "tabWidth": 2,
  "trailingComma": "es5",
  "useTabs": false,
  "vueIndentScriptAndStyle": false,
  "filepath": "/home/dendolium/repos/Conglomerate/src/Components/PredictionMarket/MakeABet/MakeABet.js",
  "parser": "babel"
}
["INFO" - 8:10:25 pm] Formatting completed in 0.029ms.
["INFO" - 8:17:08 pm] Formatting file:///home/dendolium/repos/Conglomerate/hardhat.config.js
["INFO" - 8:17:08 pm] Using ignore file (if present) at /home/dendolium/repos/Conglomerate/.prettierignore
["INFO" - 8:17:08 pm] File Info:
{
  "ignored": false,
  "inferredParser": "babel"
}
["INFO" - 8:17:08 pm] No local configuration (i.e. .prettierrc or .editorconfig) detected, falling back to VS Code configuration
["INFO" - 8:17:08 pm] Prettier Options:
{
  "arrowParens": "always",
  "bracketSpacing": true,
  "endOfLine": "lf",
  "htmlWhitespaceSensitivity": "css",
  "insertPragma": false,
  "jsxBracketSameLine": false,
  "jsxSingleQuote": false,
  "printWidth": 80,
  "proseWrap": "preserve",
  "quoteProps": "as-needed",
  "requirePragma": false,
  "semi": true,
  "singleQuote": false,
  "tabWidth": 2,
  "trailingComma": "es5",
  "useTabs": false,
  "vueIndentScriptAndStyle": false,
  "filepath": "/home/dendolium/repos/Conglomerate/hardhat.config.js",
  "parser": "babel"
}
["INFO" - 8:17:08 pm] Formatting completed in 0.067ms.
["INFO" - 8:45:18 pm] Formatting file:///home/dendolium/repos/Conglomerate/src/Components/PredictionMarket/MakeABet/MakeABet.js
["INFO" - 8:45:18 pm] Using ignore file (if present) at /home/dendolium/repos/Conglomerate/.prettierignore
["INFO" - 8:45:18 pm] File Info:
{
  "ignored": false,
  "inferredParser": "babel"
}
["INFO" - 8:45:18 pm] No local configuration (i.e. .prettierrc or .editorconfig) detected, falling back to VS Code configuration
["INFO" - 8:45:18 pm] Prettier Options:
{
  "arrowParens": "always",
  "bracketSpacing": true,
  "endOfLine": "lf",
  "htmlWhitespaceSensitivity": "css",
  "insertPragma": false,
  "jsxBracketSameLine": false,
  "jsxSingleQuote": false,
  "printWidth": 80,
  "proseWrap": "preserve",
  "quoteProps": "as-needed",
  "requirePragma": false,
  "semi": true,
  "singleQuote": false,
  "tabWidth": 2,
  "trailingComma": "es5",
  "useTabs": false,
  "vueIndentScriptAndStyle": false,
  "filepath": "/home/dendolium/repos/Conglomerate/src/Components/PredictionMarket/MakeABet/MakeABet.js",
  "parser": "babel"
}
["INFO" - 8:45:18 pm] Formatting completed in 0.04ms.
["INFO" - 8:51:12 pm] Formatting file:///home/dendolium/repos/Conglomerate/src/state/PredictionMarket/actions/makeABet.js
["INFO" - 8:51:12 pm] Using ignore file (if present) at /home/dendolium/repos/Conglomerate/.prettierignore
["INFO" - 8:51:12 pm] File Info:
{
  "ignored": false,
  "inferredParser": "babel"
}
["INFO" - 8:51:12 pm] No local configuration (i.e. .prettierrc or .editorconfig) detected, falling back to VS Code configuration
["INFO" - 8:51:12 pm] Prettier Options:
{
  "arrowParens": "always",
  "bracketSpacing": true,
  "endOfLine": "lf",
  "htmlWhitespaceSensitivity": "css",
  "insertPragma": false,
  "jsxBracketSameLine": false,
  "jsxSingleQuote": false,
  "printWidth": 80,
  "proseWrap": "preserve",
  "quoteProps": "as-needed",
  "requirePragma": false,
  "semi": true,
  "singleQuote": false,
  "tabWidth": 2,
  "trailingComma": "es5",
  "useTabs": false,
  "vueIndentScriptAndStyle": false,
  "filepath": "/home/dendolium/repos/Conglomerate/src/state/PredictionMarket/actions/makeABet.js",
  "parser": "babel"
}
["INFO" - 8:51:12 pm] Formatting completed in 0.053ms.
["INFO" - 8:52:43 pm] Formatting file:///home/dendolium/repos/Conglomerate/src/Components/PredictionMarket/MakeABet/MakeABet.js
["INFO" - 8:52:43 pm] Using ignore file (if present) at /home/dendolium/repos/Conglomerate/.prettierignore
["INFO" - 8:52:43 pm] File Info:
{
  "ignored": false,
  "inferredParser": "babel"
}
["INFO" - 8:52:43 pm] No local configuration (i.e. .prettierrc or .editorconfig) detected, falling back to VS Code configuration
["INFO" - 8:52:43 pm] Prettier Options:
{
  "arrowParens": "always",
  "bracketSpacing": true,
  "endOfLine": "lf",
  "htmlWhitespaceSensitivity": "css",
  "insertPragma": false,
  "jsxBracketSameLine": false,
  "jsxSingleQuote": false,
  "printWidth": 80,
  "proseWrap": "preserve",
  "quoteProps": "as-needed",
  "requirePragma": false,
  "semi": true,
  "singleQuote": false,
  "tabWidth": 2,
  "trailingComma": "es5",
  "useTabs": false,
  "vueIndentScriptAndStyle": false,
  "filepath": "/home/dendolium/repos/Conglomerate/src/Components/PredictionMarket/MakeABet/MakeABet.js",
  "parser": "babel"
}
["INFO" - 8:52:43 pm] Formatting completed in 0.059ms.
["INFO" - 8:55:48 pm] Formatting file:///home/dendolium/repos/Conglomerate/src/Components/PredictionMarket/index.js
["INFO" - 8:55:48 pm] Using ignore file (if present) at /home/dendolium/repos/Conglomerate/.prettierignore
["INFO" - 8:55:48 pm] File Info:
{
  "ignored": false,
  "inferredParser": "babel"
}
["INFO" - 8:55:48 pm] No local configuration (i.e. .prettierrc or .editorconfig) detected, falling back to VS Code configuration
["INFO" - 8:55:48 pm] Prettier Options:
{
  "arrowParens": "always",
  "bracketSpacing": true,
  "endOfLine": "lf",
  "htmlWhitespaceSensitivity": "css",
  "insertPragma": false,
  "jsxBracketSameLine": false,
  "jsxSingleQuote": false,
  "printWidth": 80,
  "proseWrap": "preserve",
  "quoteProps": "as-needed",
  "requirePragma": false,
  "semi": true,
  "singleQuote": false,
  "tabWidth": 2,
  "trailingComma": "es5",
  "useTabs": false,
  "vueIndentScriptAndStyle": false,
  "filepath": "/home/dendolium/repos/Conglomerate/src/Components/PredictionMarket/index.js",
  "parser": "babel"
}
["INFO" - 8:55:48 pm] Formatting completed in 0.062ms.
["INFO" - 8:56:26 pm] Formatting file:///home/dendolium/repos/Conglomerate/src/Components/PredictionMarket/UserHistory/UserHistory.js
["INFO" - 8:56:26 pm] Using ignore file (if present) at /home/dendolium/repos/Conglomerate/.prettierignore
["INFO" - 8:56:26 pm] File Info:
{
  "ignored": false,
  "inferredParser": "babel"
}
["INFO" - 8:56:26 pm] No local configuration (i.e. .prettierrc or .editorconfig) detected, falling back to VS Code configuration
["INFO" - 8:56:26 pm] Prettier Options:
{
  "arrowParens": "always",
  "bracketSpacing": true,
  "endOfLine": "lf",
  "htmlWhitespaceSensitivity": "css",
  "insertPragma": false,
  "jsxBracketSameLine": false,
  "jsxSingleQuote": false,
  "printWidth": 80,
  "proseWrap": "preserve",
  "quoteProps": "as-needed",
  "requirePragma": false,
  "semi": true,
  "singleQuote": false,
  "tabWidth": 2,
  "trailingComma": "es5",
  "useTabs": false,
  "vueIndentScriptAndStyle": false,
  "filepath": "/home/dendolium/repos/Conglomerate/src/Components/PredictionMarket/UserHistory/UserHistory.js",
  "parser": "babel"
}
["INFO" - 8:56:26 pm] Formatting completed in 0.04ms.
["INFO" - 8:57:19 pm] Formatting file:///home/dendolium/repos/Conglomerate/src/Components/PredictionMarket/MakeABet/MakeABet.js
["INFO" - 8:57:19 pm] Using ignore file (if present) at /home/dendolium/repos/Conglomerate/.prettierignore
["INFO" - 8:57:19 pm] File Info:
{
  "ignored": false,
  "inferredParser": "babel"
}
["INFO" - 8:57:19 pm] No local configuration (i.e. .prettierrc or .editorconfig) detected, falling back to VS Code configuration
["INFO" - 8:57:19 pm] Prettier Options:
{
  "arrowParens": "always",
  "bracketSpacing": true,
  "endOfLine": "lf",
  "htmlWhitespaceSensitivity": "css",
  "insertPragma": false,
  "jsxBracketSameLine": false,
  "jsxSingleQuote": false,
  "printWidth": 80,
  "proseWrap": "preserve",
  "quoteProps": "as-needed",
  "requirePragma": false,
  "semi": true,
  "singleQuote": false,
  "tabWidth": 2,
  "trailingComma": "es5",
  "useTabs": false,
  "vueIndentScriptAndStyle": false,
  "filepath": "/home/dendolium/repos/Conglomerate/src/Components/PredictionMarket/MakeABet/MakeABet.js",
  "parser": "babel"
}
["INFO" - 8:57:19 pm] Formatting completed in 0.055ms.
["INFO" - 8:57:33 pm] Formatting file:///home/dendolium/repos/Conglomerate/src/Components/PredictionMarket/index.js
["INFO" - 8:57:33 pm] Using ignore file (if present) at /home/dendolium/repos/Conglomerate/.prettierignore
["INFO" - 8:57:33 pm] File Info:
{
  "ignored": false,
  "inferredParser": "babel"
}
["INFO" - 8:57:33 pm] No local configuration (i.e. .prettierrc or .editorconfig) detected, falling back to VS Code configuration
["INFO" - 8:57:33 pm] Prettier Options:
{
  "arrowParens": "always",
  "bracketSpacing": true,
  "endOfLine": "lf",
  "htmlWhitespaceSensitivity": "css",
  "insertPragma": false,
  "jsxBracketSameLine": false,
  "jsxSingleQuote": false,
  "printWidth": 80,
  "proseWrap": "preserve",
  "quoteProps": "as-needed",
  "requirePragma": false,
  "semi": true,
  "singleQuote": false,
  "tabWidth": 2,
  "trailingComma": "es5",
  "useTabs": false,
  "vueIndentScriptAndStyle": false,
  "filepath": "/home/dendolium/repos/Conglomerate/src/Components/PredictionMarket/index.js",
  "parser": "babel"
}
["INFO" - 8:57:33 pm] Formatting completed in 0.025ms.
["INFO" - 8:57:36 pm] Formatting file:///home/dendolium/repos/Conglomerate/src/Components/PredictionMarket/index.js
["INFO" - 8:57:36 pm] Using ignore file (if present) at /home/dendolium/repos/Conglomerate/.prettierignore
["INFO" - 8:57:36 pm] File Info:
{
  "ignored": false,
  "inferredParser": "babel"
}
["INFO" - 8:57:36 pm] No local configuration (i.e. .prettierrc or .editorconfig) detected, falling back to VS Code configuration
["INFO" - 8:57:36 pm] Prettier Options:
{
  "arrowParens": "always",
  "bracketSpacing": true,
  "endOfLine": "lf",
  "htmlWhitespaceSensitivity": "css",
  "insertPragma": false,
  "jsxBracketSameLine": false,
  "jsxSingleQuote": false,
  "printWidth": 80,
  "proseWrap": "preserve",
  "quoteProps": "as-needed",
  "requirePragma": false,
  "semi": true,
  "singleQuote": false,
  "tabWidth": 2,
  "trailingComma": "es5",
  "useTabs": false,
  "vueIndentScriptAndStyle": false,
  "filepath": "/home/dendolium/repos/Conglomerate/src/Components/PredictionMarket/index.js",
  "parser": "babel"
}
["INFO" - 8:57:36 pm] Formatting completed in 0.042ms.
["INFO" - 9:00:34 pm] Formatting file:///home/dendolium/repos/Conglomerate/src/Components/PredictionMarket/UserHistory/UserHistory.js
["INFO" - 9:00:34 pm] Using ignore file (if present) at /home/dendolium/repos/Conglomerate/.prettierignore
["INFO" - 9:00:34 pm] File Info:
{
  "ignored": false,
  "inferredParser": "babel"
}
["INFO" - 9:00:34 pm] No local configuration (i.e. .prettierrc or .editorconfig) detected, falling back to VS Code configuration
["INFO" - 9:00:34 pm] Prettier Options:
{
  "arrowParens": "always",
  "bracketSpacing": true,
  "endOfLine": "lf",
  "htmlWhitespaceSensitivity": "css",
  "insertPragma": false,
  "jsxBracketSameLine": false,
  "jsxSingleQuote": false,
  "printWidth": 80,
  "proseWrap": "preserve",
  "quoteProps": "as-needed",
  "requirePragma": false,
  "semi": true,
  "singleQuote": false,
  "tabWidth": 2,
  "trailingComma": "es5",
  "useTabs": false,
  "vueIndentScriptAndStyle": false,
  "filepath": "/home/dendolium/repos/Conglomerate/src/Components/PredictionMarket/UserHistory/UserHistory.js",
  "parser": "babel"
}
["INFO" - 9:00:34 pm] Formatting completed in 0.06ms.
["INFO" - 9:01:02 pm] Formatting file:///home/dendolium/repos/Conglomerate/src/Components/PredictionMarket/UserHistory/UserHistory.js
["INFO" - 9:01:02 pm] Using ignore file (if present) at /home/dendolium/repos/Conglomerate/.prettierignore
["INFO" - 9:01:02 pm] File Info:
{
  "ignored": false,
  "inferredParser": "babel"
}
["INFO" - 9:01:02 pm] No local configuration (i.e. .prettierrc or .editorconfig) detected, falling back to VS Code configuration
["INFO" - 9:01:02 pm] Prettier Options:
{
  "arrowParens": "always",
  "bracketSpacing": true,
  "endOfLine": "lf",
  "htmlWhitespaceSensitivity": "css",
  "insertPragma": false,
  "jsxBracketSameLine": false,
  "jsxSingleQuote": false,
  "printWidth": 80,
  "proseWrap": "preserve",
  "quoteProps": "as-needed",
  "requirePragma": false,
  "semi": true,
  "singleQuote": false,
  "tabWidth": 2,
  "trailingComma": "es5",
  "useTabs": false,
  "vueIndentScriptAndStyle": false,
  "filepath": "/home/dendolium/repos/Conglomerate/src/Components/PredictionMarket/UserHistory/UserHistory.js",
  "parser": "babel"
}
["INFO" - 9:01:02 pm] Formatting completed in 0.024ms.
["INFO" - 9:01:08 pm] Formatting file:///home/dendolium/repos/Conglomerate/src/Components/PredictionMarket/UserHistory/UserHistory.js
["INFO" - 9:01:08 pm] Using ignore file (if present) at /home/dendolium/repos/Conglomerate/.prettierignore
["INFO" - 9:01:08 pm] File Info:
{
  "ignored": false,
  "inferredParser": "babel"
}
["INFO" - 9:01:08 pm] No local configuration (i.e. .prettierrc or .editorconfig) detected, falling back to VS Code configuration
["INFO" - 9:01:08 pm] Prettier Options:
{
  "arrowParens": "always",
  "bracketSpacing": true,
  "endOfLine": "lf",
  "htmlWhitespaceSensitivity": "css",
  "insertPragma": false,
  "jsxBracketSameLine": false,
  "jsxSingleQuote": false,
  "printWidth": 80,
  "proseWrap": "preserve",
  "quoteProps": "as-needed",
  "requirePragma": false,
  "semi": true,
  "singleQuote": false,
  "tabWidth": 2,
  "trailingComma": "es5",
  "useTabs": false,
  "vueIndentScriptAndStyle": false,
  "filepath": "/home/dendolium/repos/Conglomerate/src/Components/PredictionMarket/UserHistory/UserHistory.js",
  "parser": "babel"
}
["INFO" - 9:01:08 pm] Formatting completed in 0.04ms.
["INFO" - 9:01:19 pm] Formatting file:///home/dendolium/repos/Conglomerate/src/Components/PredictionMarket/UserHistory/UserHistory.js
["INFO" - 9:01:19 pm] Using ignore file (if present) at /home/dendolium/repos/Conglomerate/.prettierignore
["INFO" - 9:01:19 pm] File Info:
{
  "ignored": false,
  "inferredParser": "babel"
}
["INFO" - 9:01:19 pm] No local configuration (i.e. .prettierrc or .editorconfig) detected, falling back to VS Code configuration
["INFO" - 9:01:19 pm] Prettier Options:
{
  "arrowParens": "always",
  "bracketSpacing": true,
  "endOfLine": "lf",
  "htmlWhitespaceSensitivity": "css",
  "insertPragma": false,
  "jsxBracketSameLine": false,
  "jsxSingleQuote": false,
  "printWidth": 80,
  "proseWrap": "preserve",
  "quoteProps": "as-needed",
  "requirePragma": false,
  "semi": true,
  "singleQuote": false,
  "tabWidth": 2,
  "trailingComma": "es5",
  "useTabs": false,
  "vueIndentScriptAndStyle": false,
  "filepath": "/home/dendolium/repos/Conglomerate/src/Components/PredictionMarket/UserHistory/UserHistory.js",
  "parser": "babel"
}
["INFO" - 9:01:19 pm] Formatting completed in 0.039ms.
["INFO" - 9:01:55 pm] Formatting file:///home/dendolium/repos/Conglomerate/src/Components/PredictionMarket/UserHistory/UserHistory.js
["INFO" - 9:01:55 pm] Using ignore file (if present) at /home/dendolium/repos/Conglomerate/.prettierignore
["INFO" - 9:01:55 pm] File Info:
{
  "ignored": false,
  "inferredParser": "babel"
}
["INFO" - 9:01:55 pm] No local configuration (i.e. .prettierrc or .editorconfig) detected, falling back to VS Code configuration
["INFO" - 9:01:55 pm] Prettier Options:
{
  "arrowParens": "always",
  "bracketSpacing": true,
  "endOfLine": "lf",
  "htmlWhitespaceSensitivity": "css",
  "insertPragma": false,
  "jsxBracketSameLine": false,
  "jsxSingleQuote": false,
  "printWidth": 80,
  "proseWrap": "preserve",
  "quoteProps": "as-needed",
  "requirePragma": false,
  "semi": true,
  "singleQuote": false,
  "tabWidth": 2,
  "trailingComma": "es5",
  "useTabs": false,
  "vueIndentScriptAndStyle": false,
  "filepath": "/home/dendolium/repos/Conglomerate/src/Components/PredictionMarket/UserHistory/UserHistory.js",
  "parser": "babel"
}
["INFO" - 9:01:55 pm] Formatting completed in 0.025ms.
["INFO" - 9:02:11 pm] Formatting file:///home/dendolium/repos/Conglomerate/src/Components/PredictionMarket/UserHistory/UserHistory.js
["INFO" - 9:02:11 pm] Using ignore file (if present) at /home/dendolium/repos/Conglomerate/.prettierignore
["INFO" - 9:02:11 pm] File Info:
{
  "ignored": false,
  "inferredParser": "babel"
}
["INFO" - 9:02:11 pm] No local configuration (i.e. .prettierrc or .editorconfig) detected, falling back to VS Code configuration
["INFO" - 9:02:11 pm] Prettier Options:
{
  "arrowParens": "always",
  "bracketSpacing": true,
  "endOfLine": "lf",
  "htmlWhitespaceSensitivity": "css",
  "insertPragma": false,
  "jsxBracketSameLine": false,
  "jsxSingleQuote": false,
  "printWidth": 80,
  "proseWrap": "preserve",
  "quoteProps": "as-needed",
  "requirePragma": false,
  "semi": true,
  "singleQuote": false,
  "tabWidth": 2,
  "trailingComma": "es5",
  "useTabs": false,
  "vueIndentScriptAndStyle": false,
  "filepath": "/home/dendolium/repos/Conglomerate/src/Components/PredictionMarket/UserHistory/UserHistory.js",
  "parser": "babel"
}
["INFO" - 9:02:11 pm] Formatting completed in 0.046ms.
["INFO" - 9:03:02 pm] Formatting file:///home/dendolium/repos/Conglomerate/src/state/PredictionMarket/actions/fetchUserHistory.js
["INFO" - 9:03:02 pm] Using ignore file (if present) at /home/dendolium/repos/Conglomerate/.prettierignore
["INFO" - 9:03:02 pm] File Info:
{
  "ignored": false,
  "inferredParser": "babel"
}
["INFO" - 9:03:02 pm] No local configuration (i.e. .prettierrc or .editorconfig) detected, falling back to VS Code configuration
["INFO" - 9:03:02 pm] Prettier Options:
{
  "arrowParens": "always",
  "bracketSpacing": true,
  "endOfLine": "lf",
  "htmlWhitespaceSensitivity": "css",
  "insertPragma": false,
  "jsxBracketSameLine": false,
  "jsxSingleQuote": false,
  "printWidth": 80,
  "proseWrap": "preserve",
  "quoteProps": "as-needed",
  "requirePragma": false,
  "semi": true,
  "singleQuote": false,
  "tabWidth": 2,
  "trailingComma": "es5",
  "useTabs": false,
  "vueIndentScriptAndStyle": false,
  "filepath": "/home/dendolium/repos/Conglomerate/src/state/PredictionMarket/actions/fetchUserHistory.js",
  "parser": "babel"
}
["INFO" - 9:03:02 pm] Formatting completed in 0.077ms.
["INFO" - 9:03:51 pm] Formatting file:///home/dendolium/repos/Conglomerate/src/state/PredictionMarket/reducers/index.js
["INFO" - 9:03:51 pm] Using ignore file (if present) at /home/dendolium/repos/Conglomerate/.prettierignore
["INFO" - 9:03:51 pm] File Info:
{
  "ignored": false,
  "inferredParser": "babel"
}
["INFO" - 9:03:51 pm] No local configuration (i.e. .prettierrc or .editorconfig) detected, falling back to VS Code configuration
["INFO" - 9:03:51 pm] Prettier Options:
{
  "arrowParens": "always",
  "bracketSpacing": true,
  "endOfLine": "lf",
  "htmlWhitespaceSensitivity": "css",
  "insertPragma": false,
  "jsxBracketSameLine": false,
  "jsxSingleQuote": false,
  "printWidth": 80,
  "proseWrap": "preserve",
  "quoteProps": "as-needed",
  "requirePragma": false,
  "semi": true,
  "singleQuote": false,
  "tabWidth": 2,
  "trailingComma": "es5",
  "useTabs": false,
  "vueIndentScriptAndStyle": false,
  "filepath": "/home/dendolium/repos/Conglomerate/src/state/PredictionMarket/reducers/index.js",
  "parser": "babel"
}
["INFO" - 9:03:51 pm] Formatting completed in 0.031ms.
["INFO" - 9:04:50 pm] Formatting file:///home/dendolium/repos/Conglomerate/src/state/store.js
["INFO" - 9:04:50 pm] Using ignore file (if present) at /home/dendolium/repos/Conglomerate/.prettierignore
["INFO" - 9:04:50 pm] File Info:
{
  "ignored": false,
  "inferredParser": "babel"
}
["INFO" - 9:04:50 pm] No local configuration (i.e. .prettierrc or .editorconfig) detected, falling back to VS Code configuration
["INFO" - 9:04:50 pm] Prettier Options:
{
  "arrowParens": "always",
  "bracketSpacing": true,
  "endOfLine": "lf",
  "htmlWhitespaceSensitivity": "css",
  "insertPragma": false,
  "jsxBracketSameLine": false,
  "jsxSingleQuote": false,
  "printWidth": 80,
  "proseWrap": "preserve",
  "quoteProps": "as-needed",
  "requirePragma": false,
  "semi": true,
  "singleQuote": false,
  "tabWidth": 2,
  "trailingComma": "es5",
  "useTabs": false,
  "vueIndentScriptAndStyle": false,
  "filepath": "/home/dendolium/repos/Conglomerate/src/state/store.js",
  "parser": "babel"
}
["INFO" - 9:04:50 pm] Formatting completed in 0.036ms.
["INFO" - 9:04:54 pm] Formatting file:///home/dendolium/repos/Conglomerate/src/state/store.js
["INFO" - 9:04:54 pm] Using ignore file (if present) at /home/dendolium/repos/Conglomerate/.prettierignore
["INFO" - 9:04:54 pm] File Info:
{
  "ignored": false,
  "inferredParser": "babel"
}
["INFO" - 9:04:54 pm] No local configuration (i.e. .prettierrc or .editorconfig) detected, falling back to VS Code configuration
["INFO" - 9:04:54 pm] Prettier Options:
{
  "arrowParens": "always",
  "bracketSpacing": true,
  "endOfLine": "lf",
  "htmlWhitespaceSensitivity": "css",
  "insertPragma": false,
  "jsxBracketSameLine": false,
  "jsxSingleQuote": false,
  "printWidth": 80,
  "proseWrap": "preserve",
  "quoteProps": "as-needed",
  "requirePragma": false,
  "semi": true,
  "singleQuote": false,
  "tabWidth": 2,
  "trailingComma": "es5",
  "useTabs": false,
  "vueIndentScriptAndStyle": false,
  "filepath": "/home/dendolium/repos/Conglomerate/src/state/store.js",
  "parser": "babel"
}
["INFO" - 9:04:54 pm] Formatting completed in 0.019ms.
["INFO" - 9:05:57 pm] Formatting file:///home/dendolium/repos/Conglomerate/src/Components/PredictionMarket/UserHistory/UserHistory.js
["INFO" - 9:05:57 pm] Using ignore file (if present) at /home/dendolium/repos/Conglomerate/.prettierignore
["INFO" - 9:05:57 pm] File Info:
{
  "ignored": false,
  "inferredParser": "babel"
}
["INFO" - 9:05:57 pm] No local configuration (i.e. .prettierrc or .editorconfig) detected, falling back to VS Code configuration
["INFO" - 9:05:57 pm] Prettier Options:
{
  "arrowParens": "always",
  "bracketSpacing": true,
  "endOfLine": "lf",
  "htmlWhitespaceSensitivity": "css",
  "insertPragma": false,
  "jsxBracketSameLine": false,
  "jsxSingleQuote": false,
  "printWidth": 80,
  "proseWrap": "preserve",
  "quoteProps": "as-needed",
  "requirePragma": false,
  "semi": true,
  "singleQuote": false,
  "tabWidth": 2,
  "trailingComma": "es5",
  "useTabs": false,
  "vueIndentScriptAndStyle": false,
  "filepath": "/home/dendolium/repos/Conglomerate/src/Components/PredictionMarket/UserHistory/UserHistory.js",
  "parser": "babel"
}
["INFO" - 9:05:57 pm] Formatting completed in 0.065ms.
["INFO" - 9:06:35 pm] Formatting file:///home/dendolium/repos/Conglomerate/src/state/store.js
["INFO" - 9:06:35 pm] Using ignore file (if present) at /home/dendolium/repos/Conglomerate/.prettierignore
["INFO" - 9:06:35 pm] File Info:
{
  "ignored": false,
  "inferredParser": "babel"
}
["INFO" - 9:06:35 pm] No local configuration (i.e. .prettierrc or .editorconfig) detected, falling back to VS Code configuration
["INFO" - 9:06:35 pm] Prettier Options:
{
  "arrowParens": "always",
  "bracketSpacing": true,
  "endOfLine": "lf",
  "htmlWhitespaceSensitivity": "css",
  "insertPragma": false,
  "jsxBracketSameLine": false,
  "jsxSingleQuote": false,
  "printWidth": 80,
  "proseWrap": "preserve",
  "quoteProps": "as-needed",
  "requirePragma": false,
  "semi": true,
  "singleQuote": false,
  "tabWidth": 2,
  "trailingComma": "es5",
  "useTabs": false,
  "vueIndentScriptAndStyle": false,
  "filepath": "/home/dendolium/repos/Conglomerate/src/state/store.js",
  "parser": "babel"
}
["INFO" - 9:06:35 pm] Formatting completed in 0.017ms.
["INFO" - 9:06:43 pm] Formatting file:///home/dendolium/repos/Conglomerate/src/state/store.js
["INFO" - 9:06:43 pm] Using ignore file (if present) at /home/dendolium/repos/Conglomerate/.prettierignore
["INFO" - 9:06:43 pm] File Info:
{
  "ignored": false,
  "inferredParser": "babel"
}
["INFO" - 9:06:43 pm] No local configuration (i.e. .prettierrc or .editorconfig) detected, falling back to VS Code configuration
["INFO" - 9:06:43 pm] Prettier Options:
{
  "arrowParens": "always",
  "bracketSpacing": true,
  "endOfLine": "lf",
  "htmlWhitespaceSensitivity": "css",
  "insertPragma": false,
  "jsxBracketSameLine": false,
  "jsxSingleQuote": false,
  "printWidth": 80,
  "proseWrap": "preserve",
  "quoteProps": "as-needed",
  "requirePragma": false,
  "semi": true,
  "singleQuote": false,
  "tabWidth": 2,
  "trailingComma": "es5",
  "useTabs": false,
  "vueIndentScriptAndStyle": false,
  "filepath": "/home/dendolium/repos/Conglomerate/src/state/store.js",
  "parser": "babel"
}
["INFO" - 9:06:43 pm] Formatting completed in 0.016ms.
["INFO" - 9:06:44 pm] Formatting file:///home/dendolium/repos/Conglomerate/src/state/store.js
["INFO" - 9:06:44 pm] Using ignore file (if present) at /home/dendolium/repos/Conglomerate/.prettierignore
["INFO" - 9:06:44 pm] File Info:
{
  "ignored": false,
  "inferredParser": "babel"
}
["INFO" - 9:06:44 pm] No local configuration (i.e. .prettierrc or .editorconfig) detected, falling back to VS Code configuration
["INFO" - 9:06:44 pm] Prettier Options:
{
  "arrowParens": "always",
  "bracketSpacing": true,
  "endOfLine": "lf",
  "htmlWhitespaceSensitivity": "css",
  "insertPragma": false,
  "jsxBracketSameLine": false,
  "jsxSingleQuote": false,
  "printWidth": 80,
  "proseWrap": "preserve",
  "quoteProps": "as-needed",
  "requirePragma": false,
  "semi": true,
  "singleQuote": false,
  "tabWidth": 2,
  "trailingComma": "es5",
  "useTabs": false,
  "vueIndentScriptAndStyle": false,
  "filepath": "/home/dendolium/repos/Conglomerate/src/state/store.js",
  "parser": "babel"
}
["INFO" - 9:06:44 pm] Formatting completed in 0.047ms.
["INFO" - 9:06:58 pm] Formatting file:///home/dendolium/repos/Conglomerate/src/state/store.js
["INFO" - 9:06:58 pm] Using ignore file (if present) at /home/dendolium/repos/Conglomerate/.prettierignore
["INFO" - 9:06:58 pm] File Info:
{
  "ignored": false,
  "inferredParser": "babel"
}
["INFO" - 9:06:58 pm] No local configuration (i.e. .prettierrc or .editorconfig) detected, falling back to VS Code configuration
["INFO" - 9:06:58 pm] Prettier Options:
{
  "arrowParens": "always",
  "bracketSpacing": true,
  "endOfLine": "lf",
  "htmlWhitespaceSensitivity": "css",
  "insertPragma": false,
  "jsxBracketSameLine": false,
  "jsxSingleQuote": false,
  "printWidth": 80,
  "proseWrap": "preserve",
  "quoteProps": "as-needed",
  "requirePragma": false,
  "semi": true,
  "singleQuote": false,
  "tabWidth": 2,
  "trailingComma": "es5",
  "useTabs": false,
  "vueIndentScriptAndStyle": false,
  "filepath": "/home/dendolium/repos/Conglomerate/src/state/store.js",
  "parser": "babel"
}
["INFO" - 9:06:58 pm] Formatting completed in 0.07ms.
["INFO" - 11:22:45 pm] Formatting file:///home/dendolium/repos/Conglomerate/src/Components/PredictionMarket/UserHistory/UserHistory.js
["INFO" - 11:22:45 pm] Using ignore file (if present) at /home/dendolium/repos/Conglomerate/.prettierignore
["INFO" - 11:22:45 pm] File Info:
{
  "ignored": false,
  "inferredParser": "babel"
}
["INFO" - 11:22:45 pm] No local configuration (i.e. .prettierrc or .editorconfig) detected, falling back to VS Code configuration
["INFO" - 11:22:45 pm] Prettier Options:
{
  "arrowParens": "always",
  "bracketSpacing": true,
  "endOfLine": "lf",
  "htmlWhitespaceSensitivity": "css",
  "insertPragma": false,
  "jsxBracketSameLine": false,
  "jsxSingleQuote": false,
  "printWidth": 80,
  "proseWrap": "preserve",
  "quoteProps": "as-needed",
  "requirePragma": false,
  "semi": true,
  "singleQuote": false,
  "tabWidth": 2,
  "trailingComma": "es5",
  "useTabs": false,
  "vueIndentScriptAndStyle": false,
  "filepath": "/home/dendolium/repos/Conglomerate/src/Components/PredictionMarket/UserHistory/UserHistory.js",
  "parser": "babel"
}
["INFO" - 11:22:45 pm] Formatting completed in 0.054ms.
["INFO" - 11:24:30 pm] Formatting file:///home/dendolium/repos/Conglomerate/src/Components/PredictionMarket/UserHistory/UserHistory.js
["INFO" - 11:24:30 pm] Using ignore file (if present) at /home/dendolium/repos/Conglomerate/.prettierignore
["INFO" - 11:24:30 pm] File Info:
{
  "ignored": false,
  "inferredParser": "babel"
}
["INFO" - 11:24:30 pm] No local configuration (i.e. .prettierrc or .editorconfig) detected, falling back to VS Code configuration
["INFO" - 11:24:30 pm] Prettier Options:
{
  "arrowParens": "always",
  "bracketSpacing": true,
  "endOfLine": "lf",
  "htmlWhitespaceSensitivity": "css",
  "insertPragma": false,
  "jsxBracketSameLine": false,
  "jsxSingleQuote": false,
  "printWidth": 80,
  "proseWrap": "preserve",
  "quoteProps": "as-needed",
  "requirePragma": false,
  "semi": true,
  "singleQuote": false,
  "tabWidth": 2,
  "trailingComma": "es5",
  "useTabs": false,
  "vueIndentScriptAndStyle": false,
  "filepath": "/home/dendolium/repos/Conglomerate/src/Components/PredictionMarket/UserHistory/UserHistory.js",
  "parser": "babel"
}
["INFO" - 11:24:30 pm] Formatting completed in 0.052ms.
["INFO" - 11:24:43 pm] Formatting file:///home/dendolium/repos/Conglomerate/src/Components/PredictionMarket/UserHistory/UserHistory.js
["INFO" - 11:24:43 pm] Using ignore file (if present) at /home/dendolium/repos/Conglomerate/.prettierignore
["INFO" - 11:24:43 pm] File Info:
{
  "ignored": false,
  "inferredParser": "babel"
}
["INFO" - 11:24:43 pm] No local configuration (i.e. .prettierrc or .editorconfig) detected, falling back to VS Code configuration
["INFO" - 11:24:43 pm] Prettier Options:
{
  "arrowParens": "always",
  "bracketSpacing": true,
  "endOfLine": "lf",
  "htmlWhitespaceSensitivity": "css",
  "insertPragma": false,
  "jsxBracketSameLine": false,
  "jsxSingleQuote": false,
  "printWidth": 80,
  "proseWrap": "preserve",
  "quoteProps": "as-needed",
  "requirePragma": false,
  "semi": true,
  "singleQuote": false,
  "tabWidth": 2,
  "trailingComma": "es5",
  "useTabs": false,
  "vueIndentScriptAndStyle": false,
  "filepath": "/home/dendolium/repos/Conglomerate/src/Components/PredictionMarket/UserHistory/UserHistory.js",
  "parser": "babel"
}
["INFO" - 11:24:43 pm] Formatting completed in 0.072ms.
["INFO" - 11:26:09 pm] Formatting file:///home/dendolium/repos/Conglomerate/src/Components/PredictionMarket/UserHistory/UserHistory.js
["INFO" - 11:26:09 pm] Using ignore file (if present) at /home/dendolium/repos/Conglomerate/.prettierignore
["INFO" - 11:26:09 pm] File Info:
{
  "ignored": false,
  "inferredParser": "babel"
}
["INFO" - 11:26:09 pm] No local configuration (i.e. .prettierrc or .editorconfig) detected, falling back to VS Code configuration
["INFO" - 11:26:09 pm] Prettier Options:
{
  "arrowParens": "always",
  "bracketSpacing": true,
  "endOfLine": "lf",
  "htmlWhitespaceSensitivity": "css",
  "insertPragma": false,
  "jsxBracketSameLine": false,
  "jsxSingleQuote": false,
  "printWidth": 80,
  "proseWrap": "preserve",
  "quoteProps": "as-needed",
  "requirePragma": false,
  "semi": true,
  "singleQuote": false,
  "tabWidth": 2,
  "trailingComma": "es5",
  "useTabs": false,
  "vueIndentScriptAndStyle": false,
  "filepath": "/home/dendolium/repos/Conglomerate/src/Components/PredictionMarket/UserHistory/UserHistory.js",
  "parser": "babel"
}
["INFO" - 11:26:09 pm] Formatting completed in 0.06ms.
["INFO" - 11:26:16 pm] Formatting file:///home/dendolium/repos/Conglomerate/src/Components/PredictionMarket/UserHistory/UserHistory.js
["INFO" - 11:26:16 pm] Using ignore file (if present) at /home/dendolium/repos/Conglomerate/.prettierignore
["INFO" - 11:26:16 pm] File Info:
{
  "ignored": false,
  "inferredParser": "babel"
}
["INFO" - 11:26:16 pm] No local configuration (i.e. .prettierrc or .editorconfig) detected, falling back to VS Code configuration
["INFO" - 11:26:16 pm] Prettier Options:
{
  "arrowParens": "always",
  "bracketSpacing": true,
  "endOfLine": "lf",
  "htmlWhitespaceSensitivity": "css",
  "insertPragma": false,
  "jsxBracketSameLine": false,
  "jsxSingleQuote": false,
  "printWidth": 80,
  "proseWrap": "preserve",
  "quoteProps": "as-needed",
  "requirePragma": false,
  "semi": true,
  "singleQuote": false,
  "tabWidth": 2,
  "trailingComma": "es5",
  "useTabs": false,
  "vueIndentScriptAndStyle": false,
  "filepath": "/home/dendolium/repos/Conglomerate/src/Components/PredictionMarket/UserHistory/UserHistory.js",
  "parser": "babel"
}
["INFO" - 11:26:16 pm] Formatting completed in 0.049ms.
["INFO" - 11:26:50 pm] Formatting file:///home/dendolium/repos/Conglomerate/src/Components/PredictionMarket/UserHistory/UserHistory.js
["INFO" - 11:26:50 pm] Using ignore file (if present) at /home/dendolium/repos/Conglomerate/.prettierignore
["INFO" - 11:26:50 pm] File Info:
{
  "ignored": false,
  "inferredParser": "babel"
}
["INFO" - 11:26:50 pm] No local configuration (i.e. .prettierrc or .editorconfig) detected, falling back to VS Code configuration
["INFO" - 11:26:50 pm] Prettier Options:
{
  "arrowParens": "always",
  "bracketSpacing": true,
  "endOfLine": "lf",
  "htmlWhitespaceSensitivity": "css",
  "insertPragma": false,
  "jsxBracketSameLine": false,
  "jsxSingleQuote": false,
  "printWidth": 80,
  "proseWrap": "preserve",
  "quoteProps": "as-needed",
  "requirePragma": false,
  "semi": true,
  "singleQuote": false,
  "tabWidth": 2,
  "trailingComma": "es5",
  "useTabs": false,
  "vueIndentScriptAndStyle": false,
  "filepath": "/home/dendolium/repos/Conglomerate/src/Components/PredictionMarket/UserHistory/UserHistory.js",
  "parser": "babel"
}
["INFO" - 11:26:50 pm] Formatting completed in 0.034ms.
["INFO" - 11:29:52 pm] Formatting file:///home/dendolium/repos/Conglomerate/src/Components/PredictionMarket/UserHistory/UserHistory.js
["INFO" - 11:29:52 pm] Using ignore file (if present) at /home/dendolium/repos/Conglomerate/.prettierignore
["INFO" - 11:29:52 pm] File Info:
{
  "ignored": false,
  "inferredParser": "babel"
}
["INFO" - 11:29:52 pm] No local configuration (i.e. .prettierrc or .editorconfig) detected, falling back to VS Code configuration
["INFO" - 11:29:52 pm] Prettier Options:
{
  "arrowParens": "always",
  "bracketSpacing": true,
  "endOfLine": "lf",
  "htmlWhitespaceSensitivity": "css",
  "insertPragma": false,
  "jsxBracketSameLine": false,
  "jsxSingleQuote": false,
  "printWidth": 80,
  "proseWrap": "preserve",
  "quoteProps": "as-needed",
  "requirePragma": false,
  "semi": true,
  "singleQuote": false,
  "tabWidth": 2,
  "trailingComma": "es5",
  "useTabs": false,
  "vueIndentScriptAndStyle": false,
  "filepath": "/home/dendolium/repos/Conglomerate/src/Components/PredictionMarket/UserHistory/UserHistory.js",
  "parser": "babel"
}
["INFO" - 11:29:52 pm] Formatting completed in 0.065ms.
["INFO" - 11:30:48 pm] Formatting file:///home/dendolium/repos/Conglomerate/src/Components/PredictionMarket/UserHistory/UserHistory.js
["INFO" - 11:30:48 pm] Using ignore file (if present) at /home/dendolium/repos/Conglomerate/.prettierignore
["INFO" - 11:30:48 pm] File Info:
{
  "ignored": false,
  "inferredParser": "babel"
}
["INFO" - 11:30:48 pm] No local configuration (i.e. .prettierrc or .editorconfig) detected, falling back to VS Code configuration
["INFO" - 11:30:48 pm] Prettier Options:
{
  "arrowParens": "always",
  "bracketSpacing": true,
  "endOfLine": "lf",
  "htmlWhitespaceSensitivity": "css",
  "insertPragma": false,
  "jsxBracketSameLine": false,
  "jsxSingleQuote": false,
  "printWidth": 80,
  "proseWrap": "preserve",
  "quoteProps": "as-needed",
  "requirePragma": false,
  "semi": true,
  "singleQuote": false,
  "tabWidth": 2,
  "trailingComma": "es5",
  "useTabs": false,
  "vueIndentScriptAndStyle": false,
  "filepath": "/home/dendolium/repos/Conglomerate/src/Components/PredictionMarket/UserHistory/UserHistory.js",
  "parser": "babel"
}
["INFO" - 11:30:48 pm] Formatting completed in 0.071ms.
["INFO" - 11:32:56 pm] Formatting file:///home/dendolium/repos/Conglomerate/src/Components/PredictionMarket/UserHistory/UserHistory.js
["INFO" - 11:32:56 pm] Using ignore file (if present) at /home/dendolium/repos/Conglomerate/.prettierignore
["INFO" - 11:32:56 pm] File Info:
{
  "ignored": false,
  "inferredParser": "babel"
}
["INFO" - 11:32:56 pm] No local configuration (i.e. .prettierrc or .editorconfig) detected, falling back to VS Code configuration
["INFO" - 11:32:56 pm] Prettier Options:
{
  "arrowParens": "always",
  "bracketSpacing": true,
  "endOfLine": "lf",
  "htmlWhitespaceSensitivity": "css",
  "insertPragma": false,
  "jsxBracketSameLine": false,
  "jsxSingleQuote": false,
  "printWidth": 80,
  "proseWrap": "preserve",
  "quoteProps": "as-needed",
  "requirePragma": false,
  "semi": true,
  "singleQuote": false,
  "tabWidth": 2,
  "trailingComma": "es5",
  "useTabs": false,
  "vueIndentScriptAndStyle": false,
  "filepath": "/home/dendolium/repos/Conglomerate/src/Components/PredictionMarket/UserHistory/UserHistory.js",
  "parser": "babel"
}
["INFO" - 11:32:56 pm] Formatting completed in 0.045ms.
